TN:
SF:/mnt/c/Users/ECS/Documents/GitHub/clinic-appointment-queue-management/database/db_connection.cpp
FN:11,13,_ZN12DBConnectionD2Ev
FN:15,27,_ZN12DBConnection7executeERKSs
FN:29,44,_ZN12DBConnection5queryERKSsPFiPviPPcS4_ES2_
FN:4,9,_ZN12DBConnectionC2ERKSs
FNDA:131,_ZN12DBConnectionD2Ev
FNDA:82,_ZN12DBConnection7executeERKSs
FNDA:94,_ZN12DBConnection5queryERKSsPFiPviPPcS4_ES2_
FNDA:131,_ZN12DBConnectionC2ERKSs
FNF:4
FNH:4
DA:4,131
DA:5,131
DA:6,0
DA:7,0
DA:9,131
DA:11,131
DA:12,131
DA:13,131
DA:15,82
DA:16,82
DA:18,82
DA:20,82
DA:21,0
DA:22,0
DA:23,0
DA:26,82
DA:29,94
DA:33,94
DA:35,94
DA:37,94
DA:38,0
DA:39,0
DA:40,0
DA:43,94
LF:24
LH:16
end_of_record
TN:
SF:/mnt/c/Users/ECS/Documents/GitHub/clinic-appointment-queue-management/features/payment.cpp
FN:17,68,_Z17payAppointmentCLIv
FN:7,15,_Z15simulatePaymentRKSs
FNDA:0,_Z17payAppointmentCLIv
FNDA:9,_Z15simulatePaymentRKSs
FNF:2
FNH:1
DA:7,9
DA:8,9
DA:10,8
DA:11,8
DA:13,7
DA:14,7
DA:17,0
DA:19,0
DA:20,0
DA:22,0
DA:23,0
DA:24,0
DA:26,0
DA:27,0
DA:28,0
DA:30,0
DA:32,0
DA:34,0
DA:35,0
DA:37,0
DA:38,0
DA:40,0
DA:41,0
DA:42,0
DA:45,0
DA:46,0
DA:50,0
DA:51,0
DA:53,0
DA:54,0
DA:55,0
DA:56,0
DA:58,0
DA:59,0
DA:63,0
DA:64,0
DA:66,0
DA:67,0
DA:68,0
LF:39
LH:6
end_of_record
TN:
SF:/mnt/c/Users/ECS/Documents/GitHub/clinic-appointment-queue-management/models/appointment.cpp
FN:108,132,_ZN11Appointment8loadByIdEiRKSs
FN:11,18,_ZN11AppointmentC2EiiSs
FN:119,127,_ZZN11Appointment8loadByIdEiRKSsENKUlPviPPcS4_E_clES2_iS4_S4_
FN:20,64,_ZN11Appointment4bookERKSs
FN:48,58,_ZZN11Appointment4bookERKSsENKUlPviPPcS4_E_clES2_iS4_S4_
FN:66,75,_ZN11Appointment6cancelERKSs
FN:77,90,_ZN11Appointment7setPaidEbRKSs
FN:8,9,_ZN11AppointmentC2Ev
FN:92,106,_ZN11Appointment10rescheduleERKSsS1_
FNDA:5,_ZN11Appointment8loadByIdEiRKSs
FNDA:4,_ZN11AppointmentC2EiiSs
FNDA:5,_ZZN11Appointment8loadByIdEiRKSsENKUlPviPPcS4_E_clES2_iS4_S4_
FNDA:13,_ZN11Appointment4bookERKSs
FNDA:10,_ZZN11Appointment4bookERKSsENKUlPviPPcS4_E_clES2_iS4_S4_
FNDA:1,_ZN11Appointment6cancelERKSs
FNDA:1,_ZN11Appointment7setPaidEbRKSs
FNDA:14,_ZN11AppointmentC2Ev
FNDA:1,_ZN11Appointment10rescheduleERKSsS1_
FNF:9
FNH:9
DA:8,14
DA:9,42
DA:11,4
DA:13,4
DA:14,4
DA:15,4
DA:16,4
DA:17,4
DA:18,4
DA:20,13
DA:26,13
DA:27,3
DA:28,3
DA:32,10
DA:33,10
DA:35,10
DA:36,10
DA:37,10
DA:39,10
DA:44,10
DA:46,10
DA:48,10
DA:49,10
DA:52,20
DA:53,0
DA:55,0
DA:57,10
DA:59,10
DA:63,10
DA:64,10
DA:66,1
DA:68,1
DA:70,1
DA:71,1
DA:73,1
DA:74,1
DA:75,1
DA:77,1
DA:79,1
DA:81,1
DA:82,1
DA:84,1
DA:85,1
DA:87,1
DA:88,1
DA:89,1
DA:90,1
DA:92,1
DA:94,1
DA:96,1
DA:97,1
DA:100,1
DA:102,1
DA:103,1
DA:105,1
DA:106,1
DA:108,5
DA:110,5
DA:111,5
DA:115,5
DA:117,5
DA:119,0
DA:120,5
DA:121,15
DA:122,15
DA:123,15
DA:124,5
DA:125,15
DA:126,5
DA:131,10
DA:132,5
LF:71
LH:68
end_of_record
TN:
SF:/mnt/c/Users/ECS/Documents/GitHub/clinic-appointment-queue-management/models/doctor.cpp
FN:108,117,_ZN6Doctor6removeERKSs
FN:15,20,_ZN6DoctorC2ESsSs
FN:22,56,_ZN6Doctor14registerDoctorERKSs
FN:39,49,_ZZN6Doctor14registerDoctorERKSsENKUlPviPPcS4_E_clES2_iS4_S4_
FN:58,80,_ZN6Doctor8loadByIdEiRKSs
FN:6,6,_ZN6DoctorC2Ev
FN:67,76,_ZZN6Doctor8loadByIdEiRKSsENKUlPviPPcS4_E_clES2_iS4_S4_
FN:8,13,_ZN6DoctorC2EiSsSs
FN:82,91,_ZN6Doctor11setScheduleERKSsS1_
FN:94,105,_ZN6Doctor6updateERKSs
FNDA:1,_ZN6Doctor6removeERKSs
FNDA:14,_ZN6DoctorC2ESsSs
FNDA:14,_ZN6Doctor14registerDoctorERKSs
FNDA:14,_ZZN6Doctor14registerDoctorERKSsENKUlPviPPcS4_E_clES2_iS4_S4_
FNDA:6,_ZN6Doctor8loadByIdEiRKSs
FNDA:6,_ZN6DoctorC2Ev
FNDA:5,_ZZN6Doctor8loadByIdEiRKSsENKUlPviPPcS4_E_clES2_iS4_S4_
FNDA:0,_ZN6DoctorC2EiSsSs
FNDA:1,_ZN6Doctor11setScheduleERKSsS1_
FNDA:1,_ZN6Doctor6updateERKSs
FNF:10
FNH:9
DA:6,42
DA:8,0
DA:9,0
DA:10,0
DA:11,0
DA:12,0
DA:13,0
DA:15,14
DA:16,14
DA:17,14
DA:18,14
DA:19,14
DA:20,14
DA:22,14
DA:23,14
DA:24,14
DA:27,14
DA:29,14
DA:35,14
DA:37,14
DA:39,14
DA:40,14
DA:43,28
DA:44,0
DA:46,0
DA:48,14
DA:50,14
DA:54,14
DA:56,14
DA:58,6
DA:59,6
DA:60,6
DA:63,6
DA:65,6
DA:67,0
DA:68,5
DA:70,15
DA:71,5
DA:72,5
DA:73,5
DA:75,5
DA:79,12
DA:80,6
DA:82,1
DA:83,1
DA:85,1
DA:86,1
DA:88,1
DA:90,1
DA:91,1
DA:94,1
DA:95,1
DA:97,1
DA:98,1
DA:100,1
DA:101,1
DA:102,1
DA:104,1
DA:105,1
DA:108,1
DA:109,1
DA:111,1
DA:112,1
DA:114,1
DA:116,1
DA:117,1
LF:66
LH:57
end_of_record
TN:
SF:/mnt/c/Users/ECS/Documents/GitHub/clinic-appointment-queue-management/models/notification.cpp
FN:13,21,_ZN12Notification16sendNotificationERKSs
FN:23,34,_ZN12Notification12runRemindersERKSs
FN:29,29,_ZZN12Notification12runRemindersERKSsENKUlPviPPcS4_E_clES2_iS4_S4_
FN:6,6,_ZN12NotificationC2Ev
FN:8,11,_ZN12NotificationC2EiSs
FNDA:1,_ZN12Notification16sendNotificationERKSs
FNDA:1,_ZN12Notification12runRemindersERKSs
FNDA:0,_ZZN12Notification12runRemindersERKSsENKUlPviPPcS4_E_clES2_iS4_S4_
FNDA:0,_ZN12NotificationC2Ev
FNDA:2,_ZN12NotificationC2EiSs
FNF:5
FNH:3
DA:6,0
DA:8,2
DA:9,2
DA:10,2
DA:11,2
DA:13,1
DA:14,1
DA:16,1
DA:17,1
DA:18,1
DA:20,2
DA:21,1
DA:23,1
DA:24,1
DA:27,2
DA:29,0
DA:33,1
DA:34,1
LF:18
LH:16
end_of_record
TN:
SF:/mnt/c/Users/ECS/Documents/GitHub/clinic-appointment-queue-management/models/patient.cpp
FN:109,121,_ZN7Patient6updateERKSs
FN:123,128,_ZN7Patient6removeERKSs
FN:13,13,_ZN7PatientC2Ev
FN:15,21,_ZN7PatientC2ESsSsSsSs
FN:23,37,_ZN7Patient11emailExistsESsRKSs
FN:29,32,_ZZN7Patient11emailExistsESsRKSsENKUlPviPPcS4_E_clES2_iS4_S4_
FN:39,60,_ZN7Patient8loadByIdEiRKSs
FN:45,55,_ZZN7Patient8loadByIdEiRKSsENKUlPviPPcS4_E_clES2_iS4_S4_
FN:62,107,_ZN7Patient15registerPatientERKSs
FN:89,101,_ZZN7Patient15registerPatientERKSsENKUlPviPPcS4_E_clES2_iS4_S4_
FNDA:1,_ZN7Patient6updateERKSs
FNDA:1,_ZN7Patient6removeERKSs
FNDA:5,_ZN7PatientC2Ev
FNDA:23,_ZN7PatientC2ESsSsSsSs
FNDA:22,_ZN7Patient11emailExistsESsRKSs
FNDA:2,_ZZN7Patient11emailExistsESsRKSsENKUlPviPPcS4_E_clES2_iS4_S4_
FNDA:5,_ZN7Patient8loadByIdEiRKSs
FNDA:4,_ZZN7Patient8loadByIdEiRKSsENKUlPviPPcS4_E_clES2_iS4_S4_
FNDA:23,_ZN7Patient15registerPatientERKSs
FNDA:20,_ZZN7Patient15registerPatientERKSsENKUlPviPPcS4_E_clES2_iS4_S4_
FNF:10
FNH:10
DA:13,5
DA:15,23
DA:16,23
DA:17,23
DA:18,23
DA:19,23
DA:20,23
DA:21,23
DA:23,22
DA:24,22
DA:25,22
DA:27,44
DA:28,44
DA:29,0
DA:30,2
DA:31,2
DA:36,22
DA:37,22
DA:39,5
DA:40,5
DA:41,5
DA:43,10
DA:44,10
DA:45,0
DA:46,4
DA:48,12
DA:49,4
DA:50,4
DA:51,4
DA:52,4
DA:54,4
DA:59,10
DA:60,5
DA:62,23
DA:64,23
DA:65,1
DA:66,1
DA:70,22
DA:72,20
DA:73,20
DA:76,20
DA:77,20
DA:78,20
DA:79,20
DA:80,20
DA:82,20
DA:85,20
DA:87,20
DA:89,20
DA:90,20
DA:94,40
DA:95,0
DA:97,0
DA:98,0
DA:100,20
DA:102,20
DA:106,20
DA:107,20
DA:109,1
DA:110,1
DA:112,1
DA:113,1
DA:115,1
DA:116,1
DA:117,1
DA:118,1
DA:120,1
DA:121,1
DA:123,1
DA:124,1
DA:126,1
DA:127,1
DA:128,1
LF:73
LH:68
end_of_record
TN:
SF:/mnt/c/Users/ECS/Documents/GitHub/clinic-appointment-queue-management/models/queue.cpp
FN:16,21,_ZN5Queue18normalizePositionsEv
FN:23,32,_ZN5Queue10addPatientEi
FN:34,53,_ZN5Queue7reorderEii
FN:55,65,_ZN5Queue18refreshPositionsDBERKSs
FN:67,69,_ZNK5Queue15getCurrentQueueEv
FN:7,13,_ZNK5Queue6existsEi
FNDA:9,_ZN5Queue18normalizePositionsEv
FNDA:8,_ZN5Queue10addPatientEi
FNDA:1,_ZN5Queue7reorderEii
FNDA:1,_ZN5Queue18refreshPositionsDBERKSs
FNDA:2,_ZNK5Queue15getCurrentQueueEv
FNDA:8,_ZNK5Queue6existsEi
FNF:6
FNH:6
DA:7,8
DA:8,15
DA:9,7
DA:10,0
DA:12,8
DA:16,9
DA:17,9
DA:18,27
DA:19,18
DA:21,9
DA:23,8
DA:24,8
DA:25,0
DA:26,0
DA:29,8
DA:30,8
DA:31,8
DA:34,1
DA:35,1
DA:36,0
DA:39,2
DA:40,2
DA:42,1
DA:43,1
DA:46,1
DA:48,1
DA:52,1
DA:53,1
DA:55,1
DA:56,1
DA:58,3
DA:59,2
DA:60,2
DA:61,2
DA:63,2
DA:64,2
DA:65,1
DA:67,2
DA:68,2
LF:39
LH:35
end_of_record
TN:
SF:/mnt/c/Users/ECS/Documents/GitHub/clinic-appointment-queue-management/tests/test_appointment.cpp
FN:13,31,_Z18initialize_test_dbRKSs
FN:38,47,_ZN16AppointmentTests5SetUpEv
FN:54,54,_ZN36AppointmentTests_BookingAndLoad_Test8TestBodyEv
FN:54,54,_ZN36AppointmentTests_BookingAndLoad_TestC2Ev
FN:54,54,_ZN36AppointmentTests_BookingAndLoad_TestD0Ev
FN:54,54,_ZN36AppointmentTests_BookingAndLoad_TestD2Ev
FN:74,74,_ZN32AppointmentTests_Reschedule_Test8TestBodyEv
FN:74,74,_ZN32AppointmentTests_Reschedule_TestC2Ev
FN:74,74,_ZN32AppointmentTests_Reschedule_TestD0Ev
FN:74,74,_ZN32AppointmentTests_Reschedule_TestD2Ev
FN:94,94,_ZN28AppointmentTests_Cancel_Test8TestBodyEv
FN:94,94,_ZN28AppointmentTests_Cancel_TestC2Ev
FN:94,94,_ZN28AppointmentTests_Cancel_TestD0Ev
FN:94,94,_ZN28AppointmentTests_Cancel_TestD2Ev
FNDA:27,_Z18initialize_test_dbRKSs
FNDA:3,_ZN16AppointmentTests5SetUpEv
FNDA:1,_ZN36AppointmentTests_BookingAndLoad_Test8TestBodyEv
FNDA:1,_ZN36AppointmentTests_BookingAndLoad_TestC2Ev
FNDA:1,_ZN36AppointmentTests_BookingAndLoad_TestD0Ev
FNDA:1,_ZN36AppointmentTests_BookingAndLoad_TestD2Ev
FNDA:1,_ZN32AppointmentTests_Reschedule_Test8TestBodyEv
FNDA:1,_ZN32AppointmentTests_Reschedule_TestC2Ev
FNDA:1,_ZN32AppointmentTests_Reschedule_TestD0Ev
FNDA:1,_ZN32AppointmentTests_Reschedule_TestD2Ev
FNDA:1,_ZN28AppointmentTests_Cancel_Test8TestBodyEv
FNDA:1,_ZN28AppointmentTests_Cancel_TestC2Ev
FNDA:1,_ZN28AppointmentTests_Cancel_TestD0Ev
FNDA:1,_ZN28AppointmentTests_Cancel_TestD2Ev
FNF:14
FNH:14
DA:13,27
DA:15,27
DA:18,27
DA:19,27
DA:21,27
DA:22,27
DA:23,27
DA:26,27
DA:27,27
DA:28,27
DA:29,0
DA:31,27
DA:38,3
DA:39,3
DA:42,21
DA:43,3
DA:45,9
DA:46,3
DA:47,3
DA:54,4
DA:56,1
DA:57,1
DA:58,1
DA:59,1
DA:61,1
DA:62,1
DA:65,2
DA:67,1
DA:68,1
DA:69,1
DA:72,1
DA:74,4
DA:76,1
DA:77,1
DA:78,1
DA:79,1
DA:80,1
DA:82,1
DA:83,1
DA:86,1
DA:87,1
DA:90,2
DA:91,1
DA:92,1
DA:94,4
DA:96,1
DA:97,1
DA:98,1
DA:99,1
DA:100,1
DA:102,1
DA:105,1
DA:106,1
DA:112,1
LF:54
LH:53
end_of_record
TN:
SF:/mnt/c/Users/ECS/Documents/GitHub/clinic-appointment-queue-management/tests/test_basic.cpp
FN:3,3,_ZN25BasicTest_FirstCheck_Test8TestBodyEv
FN:3,3,_ZN25BasicTest_FirstCheck_TestC2Ev
FN:3,3,_ZN25BasicTest_FirstCheck_TestD0Ev
FN:3,3,_ZN25BasicTest_FirstCheck_TestD2Ev
FNDA:1,_ZN25BasicTest_FirstCheck_Test8TestBodyEv
FNDA:1,_ZN25BasicTest_FirstCheck_TestC2Ev
FNDA:1,_ZN25BasicTest_FirstCheck_TestD0Ev
FNDA:1,_ZN25BasicTest_FirstCheck_TestD2Ev
FNF:4
FNH:4
DA:3,4
DA:4,1
DA:5,1
DA:6,1
DA:7,1
LF:5
LH:5
end_of_record
TN:
SF:/mnt/c/Users/ECS/Documents/GitHub/clinic-appointment-queue-management/tests/test_booking.cpp
FN:102,102,_ZN45BookingTests_BookingFailsWithInvalidData_Test8TestBodyEv
FN:102,102,_ZN45BookingTests_BookingFailsWithInvalidData_TestC2Ev
FN:102,102,_ZN45BookingTests_BookingFailsWithInvalidData_TestD0Ev
FN:102,102,_ZN45BookingTests_BookingFailsWithInvalidData_TestD2Ev
FN:14,29,_Z18initialize_test_dbRKSs
FN:32,48,_Z19getAppointmentCountRKSs
FN:38,44,_ZZ19getAppointmentCountRKSsENKUlPviPPcS3_E_clES1_iS3_S3_
FN:58,74,_ZN12BookingTests5SetUpEv
FN:82,82,_ZN35BookingTests_SuccessfulBooking_Test8TestBodyEv
FN:82,82,_ZN35BookingTests_SuccessfulBooking_TestC2Ev
FN:82,82,_ZN35BookingTests_SuccessfulBooking_TestD0Ev
FN:82,82,_ZN35BookingTests_SuccessfulBooking_TestD2Ev
FNDA:1,_ZN45BookingTests_BookingFailsWithInvalidData_Test8TestBodyEv
FNDA:1,_ZN45BookingTests_BookingFailsWithInvalidData_TestC2Ev
FNDA:1,_ZN45BookingTests_BookingFailsWithInvalidData_TestD0Ev
FNDA:1,_ZN45BookingTests_BookingFailsWithInvalidData_TestD2Ev
FNDA:0,_Z18initialize_test_dbRKSs
FNDA:4,_Z19getAppointmentCountRKSs
FNDA:4,_ZZ19getAppointmentCountRKSsENKUlPviPPcS3_E_clES1_iS3_S3_
FNDA:2,_ZN12BookingTests5SetUpEv
FNDA:1,_ZN35BookingTests_SuccessfulBooking_Test8TestBodyEv
FNDA:1,_ZN35BookingTests_SuccessfulBooking_TestC2Ev
FNDA:1,_ZN35BookingTests_SuccessfulBooking_TestD0Ev
FNDA:1,_ZN35BookingTests_SuccessfulBooking_TestD2Ev
FNF:12
FNH:11
DA:14,0
DA:15,0
DA:17,0
DA:18,0
DA:20,0
DA:21,0
DA:22,0
DA:24,0
DA:25,0
DA:26,0
DA:27,0
DA:29,0
DA:32,4
DA:33,4
DA:34,4
DA:36,8
DA:38,0
DA:39,4
DA:40,4
DA:41,8
DA:43,4
DA:47,4
DA:48,4
DA:58,2
DA:59,2
DA:62,14
DA:63,2
DA:64,2
DA:67,6
DA:68,2
DA:69,2
DA:72,2
DA:73,2
DA:74,2
DA:82,4
DA:83,1
DA:85,1
DA:88,1
DA:90,1
DA:93,1
DA:96,1
DA:97,1
DA:102,4
DA:103,1
DA:106,1
DA:107,1
DA:110,1
DA:111,1
DA:114,1
DA:115,1
DA:118,1
DA:119,1
DA:120,1
DA:123,1
DA:124,1
LF:55
LH:42
end_of_record
TN:
SF:/mnt/c/Users/ECS/Documents/GitHub/clinic-appointment-queue-management/tests/test_doctor.cpp
FN:11,26,_Z18initialize_test_dbRKSs
FN:32,35,_ZN11DoctorTests5SetUpEv
FN:42,42,_ZN36DoctorTests_RegistrationAndLoad_Test8TestBodyEv
FN:42,42,_ZN36DoctorTests_RegistrationAndLoad_TestC2Ev
FN:42,42,_ZN36DoctorTests_RegistrationAndLoad_TestD0Ev
FN:42,42,_ZN36DoctorTests_RegistrationAndLoad_TestD2Ev
FN:57,57,_ZN28DoctorTests_SetSchedule_Test8TestBodyEv
FN:57,57,_ZN28DoctorTests_SetSchedule_TestC2Ev
FN:57,57,_ZN28DoctorTests_SetSchedule_TestD0Ev
FN:57,57,_ZN28DoctorTests_SetSchedule_TestD2Ev
FN:74,74,_ZN32DoctorTests_UpdateAndRemove_Test8TestBodyEv
FN:74,74,_ZN32DoctorTests_UpdateAndRemove_TestC2Ev
FN:74,74,_ZN32DoctorTests_UpdateAndRemove_TestD0Ev
FN:74,74,_ZN32DoctorTests_UpdateAndRemove_TestD2Ev
FNDA:0,_Z18initialize_test_dbRKSs
FNDA:3,_ZN11DoctorTests5SetUpEv
FNDA:1,_ZN36DoctorTests_RegistrationAndLoad_Test8TestBodyEv
FNDA:1,_ZN36DoctorTests_RegistrationAndLoad_TestC2Ev
FNDA:1,_ZN36DoctorTests_RegistrationAndLoad_TestD0Ev
FNDA:1,_ZN36DoctorTests_RegistrationAndLoad_TestD2Ev
FNDA:1,_ZN28DoctorTests_SetSchedule_Test8TestBodyEv
FNDA:1,_ZN28DoctorTests_SetSchedule_TestC2Ev
FNDA:1,_ZN28DoctorTests_SetSchedule_TestD0Ev
FNDA:1,_ZN28DoctorTests_SetSchedule_TestD2Ev
FNDA:1,_ZN32DoctorTests_UpdateAndRemove_Test8TestBodyEv
FNDA:1,_ZN32DoctorTests_UpdateAndRemove_TestC2Ev
FNDA:1,_ZN32DoctorTests_UpdateAndRemove_TestD0Ev
FNDA:1,_ZN32DoctorTests_UpdateAndRemove_TestD2Ev
FNF:14
FNH:13
DA:11,0
DA:12,0
DA:14,0
DA:15,0
DA:17,0
DA:18,0
DA:19,0
DA:21,0
DA:22,0
DA:23,0
DA:24,0
DA:26,0
DA:32,3
DA:34,3
DA:35,3
DA:42,4
DA:43,3
DA:46,1
DA:47,1
DA:50,2
DA:52,1
DA:53,1
DA:54,1
DA:55,1
DA:57,4
DA:58,3
DA:59,1
DA:62,1
DA:63,1
DA:66,1
DA:67,1
DA:70,2
DA:71,1
DA:72,1
DA:74,4
DA:75,3
DA:76,1
DA:78,1
DA:81,1
DA:82,1
DA:83,1
DA:86,2
DA:87,1
DA:90,1
DA:91,1
DA:94,2
DA:95,1
DA:96,1
LF:48
LH:36
end_of_record
TN:
SF:/mnt/c/Users/ECS/Documents/GitHub/clinic-appointment-queue-management/tests/test_login.cpp
FN:13,28,_Z18initialize_test_dbRKSs
FN:31,55,_Z12attemptLoginRKSsS0_S0_
FN:40,44,_ZZ12attemptLoginRKSsS0_S0_ENKUlPviPPcS3_E_clES1_iS3_S3_
FN:64,73,_ZN10LoginTests5SetUpEv
FN:81,81,_ZN31LoginTests_SuccessfulLogin_Test8TestBodyEv
FN:81,81,_ZN31LoginTests_SuccessfulLogin_TestC2Ev
FN:81,81,_ZN31LoginTests_SuccessfulLogin_TestD0Ev
FN:81,81,_ZN31LoginTests_SuccessfulLogin_TestD2Ev
FN:88,88,_ZN33LoginTests_IncorrectPassword_Test8TestBodyEv
FN:88,88,_ZN33LoginTests_IncorrectPassword_TestC2Ev
FN:88,88,_ZN33LoginTests_IncorrectPassword_TestD0Ev
FN:88,88,_ZN33LoginTests_IncorrectPassword_TestD2Ev
FN:95,95,_ZN32LoginTests_NonExistentEmail_Test8TestBodyEv
FN:95,95,_ZN32LoginTests_NonExistentEmail_TestC2Ev
FN:95,95,_ZN32LoginTests_NonExistentEmail_TestD0Ev
FN:95,95,_ZN32LoginTests_NonExistentEmail_TestD2Ev
FNDA:0,_Z18initialize_test_dbRKSs
FNDA:3,_Z12attemptLoginRKSsS0_S0_
FNDA:2,_ZZ12attemptLoginRKSsS0_S0_ENKUlPviPPcS3_E_clES1_iS3_S3_
FNDA:3,_ZN10LoginTests5SetUpEv
FNDA:1,_ZN31LoginTests_SuccessfulLogin_Test8TestBodyEv
FNDA:1,_ZN31LoginTests_SuccessfulLogin_TestC2Ev
FNDA:1,_ZN31LoginTests_SuccessfulLogin_TestD0Ev
FNDA:1,_ZN31LoginTests_SuccessfulLogin_TestD2Ev
FNDA:1,_ZN33LoginTests_IncorrectPassword_Test8TestBodyEv
FNDA:1,_ZN33LoginTests_IncorrectPassword_TestC2Ev
FNDA:1,_ZN33LoginTests_IncorrectPassword_TestD0Ev
FNDA:1,_ZN33LoginTests_IncorrectPassword_TestD2Ev
FNDA:1,_ZN32LoginTests_NonExistentEmail_Test8TestBodyEv
FNDA:1,_ZN32LoginTests_NonExistentEmail_TestC2Ev
FNDA:1,_ZN32LoginTests_NonExistentEmail_TestD0Ev
FNDA:1,_ZN32LoginTests_NonExistentEmail_TestD2Ev
FNF:16
FNH:15
DA:13,0
DA:14,0
DA:16,0
DA:17,0
DA:19,0
DA:20,0
DA:21,0
DA:23,0
DA:24,0
DA:25,0
DA:26,0
DA:28,0
DA:31,3
DA:32,3
DA:33,3
DA:37,3
DA:39,3
DA:40,0
DA:41,2
DA:42,2
DA:43,2
DA:49,3
DA:50,1
DA:54,2
DA:55,3
DA:64,3
DA:65,3
DA:68,15
DA:69,3
DA:72,3
DA:73,3
DA:81,4
DA:82,1
DA:84,1
DA:85,1
DA:88,5
DA:89,1
DA:91,1
DA:92,1
DA:95,4
DA:96,2
DA:98,1
DA:99,1
LF:43
LH:30
end_of_record
TN:
SF:/mnt/c/Users/ECS/Documents/GitHub/clinic-appointment-queue-management/tests/test_notification.cpp
FN:100,100,_ZN46NotificationTests_RunRemindersPlaceholder_Test8TestBodyEv
FN:100,100,_ZN46NotificationTests_RunRemindersPlaceholder_TestC2Ev
FN:100,100,_ZN46NotificationTests_RunRemindersPlaceholder_TestD0Ev
FN:100,100,_ZN46NotificationTests_RunRemindersPlaceholder_TestD2Ev
FN:15,30,_Z18initialize_test_dbRKSs
FN:33,49,_Z20getNotificationCountRKSs
FN:39,45,_ZZ20getNotificationCountRKSsENKUlPviPPcS3_E_clES1_iS3_S3_
FN:55,70,_ZN17NotificationTests5SetUpEv
FN:77,77,_ZN49NotificationTests_ConstructorAndInitialState_Test8TestBodyEv
FN:77,77,_ZN49NotificationTests_ConstructorAndInitialState_TestC2Ev
FN:77,77,_ZN49NotificationTests_ConstructorAndInitialState_TestD0Ev
FN:77,77,_ZN49NotificationTests_ConstructorAndInitialState_TestD2Ev
FN:84,84,_ZN46NotificationTests_SendNotificationSuccess_Test8TestBodyEv
FN:84,84,_ZN46NotificationTests_SendNotificationSuccess_TestC2Ev
FN:84,84,_ZN46NotificationTests_SendNotificationSuccess_TestD0Ev
FN:84,84,_ZN46NotificationTests_SendNotificationSuccess_TestD2Ev
FNDA:1,_ZN46NotificationTests_RunRemindersPlaceholder_Test8TestBodyEv
FNDA:1,_ZN46NotificationTests_RunRemindersPlaceholder_TestC2Ev
FNDA:1,_ZN46NotificationTests_RunRemindersPlaceholder_TestD0Ev
FNDA:1,_ZN46NotificationTests_RunRemindersPlaceholder_TestD2Ev
FNDA:0,_Z18initialize_test_dbRKSs
FNDA:2,_Z20getNotificationCountRKSs
FNDA:2,_ZZ20getNotificationCountRKSsENKUlPviPPcS3_E_clES1_iS3_S3_
FNDA:3,_ZN17NotificationTests5SetUpEv
FNDA:1,_ZN49NotificationTests_ConstructorAndInitialState_Test8TestBodyEv
FNDA:1,_ZN49NotificationTests_ConstructorAndInitialState_TestC2Ev
FNDA:1,_ZN49NotificationTests_ConstructorAndInitialState_TestD0Ev
FNDA:1,_ZN49NotificationTests_ConstructorAndInitialState_TestD2Ev
FNDA:1,_ZN46NotificationTests_SendNotificationSuccess_Test8TestBodyEv
FNDA:1,_ZN46NotificationTests_SendNotificationSuccess_TestC2Ev
FNDA:1,_ZN46NotificationTests_SendNotificationSuccess_TestD0Ev
FNDA:1,_ZN46NotificationTests_SendNotificationSuccess_TestD2Ev
FNF:16
FNH:15
DA:15,0
DA:16,0
DA:18,0
DA:19,0
DA:21,0
DA:22,0
DA:23,0
DA:25,0
DA:26,0
DA:27,0
DA:28,0
DA:30,0
DA:33,2
DA:34,2
DA:35,2
DA:37,4
DA:39,0
DA:40,2
DA:41,2
DA:42,4
DA:44,2
DA:48,2
DA:49,2
DA:55,3
DA:56,3
DA:59,24
DA:62,9
DA:65,3
DA:66,3
DA:67,3
DA:68,3
DA:69,3
DA:70,3
DA:77,4
DA:78,1
DA:80,1
DA:81,1
DA:82,1
DA:84,4
DA:86,1
DA:87,1
DA:90,2
DA:91,1
DA:93,1
DA:96,1
DA:97,1
DA:98,1
DA:100,4
DA:101,1
DA:104,1
DA:105,0
DA:106,0
DA:107,0
DA:109,1
DA:110,1
LF:55
LH:39
end_of_record
TN:
SF:/mnt/c/Users/ECS/Documents/GitHub/clinic-appointment-queue-management/tests/test_patient.cpp
FN:102,102,_ZN24PatientTests_Delete_Test8TestBodyEv
FN:102,102,_ZN24PatientTests_Delete_TestC2Ev
FN:102,102,_ZN24PatientTests_Delete_TestD0Ev
FN:102,102,_ZN24PatientTests_Delete_TestD2Ev
FN:13,35,_Z18initialize_test_dbRKSs
FN:42,45,_ZN12PatientTests5SetUpEv
FN:48,51,_ZN12PatientTests8TearDownEv
FN:59,59,_ZN30PatientTests_Registration_Test8TestBodyEv
FN:59,59,_ZN30PatientTests_Registration_TestC2Ev
FN:59,59,_ZN30PatientTests_Registration_TestD0Ev
FN:59,59,_ZN30PatientTests_Registration_TestD2Ev
FN:72,72,_ZN22PatientTests_Load_Test8TestBodyEv
FN:72,72,_ZN22PatientTests_Load_TestC2Ev
FN:72,72,_ZN22PatientTests_Load_TestD0Ev
FN:72,72,_ZN22PatientTests_Load_TestD2Ev
FN:84,84,_ZN24PatientTests_Update_Test8TestBodyEv
FN:84,84,_ZN24PatientTests_Update_TestC2Ev
FN:84,84,_ZN24PatientTests_Update_TestD0Ev
FN:84,84,_ZN24PatientTests_Update_TestD2Ev
FNDA:1,_ZN24PatientTests_Delete_Test8TestBodyEv
FNDA:1,_ZN24PatientTests_Delete_TestC2Ev
FNDA:1,_ZN24PatientTests_Delete_TestD0Ev
FNDA:1,_ZN24PatientTests_Delete_TestD2Ev
FNDA:0,_Z18initialize_test_dbRKSs
FNDA:4,_ZN12PatientTests5SetUpEv
FNDA:4,_ZN12PatientTests8TearDownEv
FNDA:1,_ZN30PatientTests_Registration_Test8TestBodyEv
FNDA:1,_ZN30PatientTests_Registration_TestC2Ev
FNDA:1,_ZN30PatientTests_Registration_TestD0Ev
FNDA:1,_ZN30PatientTests_Registration_TestD2Ev
FNDA:1,_ZN22PatientTests_Load_Test8TestBodyEv
FNDA:1,_ZN22PatientTests_Load_TestC2Ev
FNDA:1,_ZN22PatientTests_Load_TestD0Ev
FNDA:1,_ZN22PatientTests_Load_TestD2Ev
FNDA:1,_ZN24PatientTests_Update_Test8TestBodyEv
FNDA:1,_ZN24PatientTests_Update_TestC2Ev
FNDA:1,_ZN24PatientTests_Update_TestD0Ev
FNDA:1,_ZN24PatientTests_Update_TestD2Ev
FNF:19
FNH:18
DA:13,0
DA:15,0
DA:19,0
DA:20,0
DA:22,0
DA:23,0
DA:24,0
DA:27,0
DA:28,0
DA:31,0
DA:33,0
DA:35,0
DA:42,4
DA:44,4
DA:45,4
DA:48,4
DA:51,4
DA:59,4
DA:60,7
DA:63,1
DA:64,1
DA:67,8
DA:68,1
DA:69,1
DA:70,1
DA:72,4
DA:74,7
DA:75,1
DA:78,1
DA:80,1
DA:81,1
DA:82,1
DA:84,4
DA:86,7
DA:87,1
DA:90,1
DA:91,1
DA:94,1
DA:95,1
DA:98,2
DA:99,1
DA:100,1
DA:102,4
DA:104,7
DA:105,1
DA:108,1
DA:111,1
DA:112,1
DA:115,2
DA:116,1
DA:117,1
LF:51
LH:39
end_of_record
TN:
SF:/mnt/c/Users/ECS/Documents/GitHub/clinic-appointment-queue-management/tests/test_payment.cpp
FN:106,106,_ZN38PaymentTests_SimulatePaymentLogic_Test8TestBodyEv
FN:106,106,_ZN38PaymentTests_SimulatePaymentLogic_TestC2Ev
FN:106,106,_ZN38PaymentTests_SimulatePaymentLogic_TestD0Ev
FN:106,106,_ZN38PaymentTests_SimulatePaymentLogic_TestD2Ev
FN:124,124,_ZN35PaymentTests_SuccessfulPayment_Test8TestBodyEv
FN:124,124,_ZN35PaymentTests_SuccessfulPayment_TestC2Ev
FN:124,124,_ZN35PaymentTests_SuccessfulPayment_TestD0Ev
FN:124,124,_ZN35PaymentTests_SuccessfulPayment_TestD2Ev
FN:15,30,_Z18initialize_test_dbRKSs
FN:153,161,_ZN31PaymentTests_FailedPayment_Test8TestBodyEv
FN:153,161,_ZN31PaymentTests_FailedPayment_TestC2Ev
FN:153,161,_ZN31PaymentTests_FailedPayment_TestD0Ev
FN:153,161,_ZN31PaymentTests_FailedPayment_TestD2Ev
FN:33,48,_Z17isAppointmentPaidiRKSs
FN:39,44,_ZZ17isAppointmentPaidiRKSsENKUlPviPPcS3_E_clES1_iS3_S3_
FN:51,66,_Z16getReceiptStatusiRKSs
FN:57,62,_ZZ16getReceiptStatusiRKSsENKUlPviPPcS3_E_clES1_iS3_S3_
FN:76,98,_ZN12PaymentTests5SetUpEv
FNDA:1,_ZN38PaymentTests_SimulatePaymentLogic_Test8TestBodyEv
FNDA:1,_ZN38PaymentTests_SimulatePaymentLogic_TestC2Ev
FNDA:1,_ZN38PaymentTests_SimulatePaymentLogic_TestD0Ev
FNDA:1,_ZN38PaymentTests_SimulatePaymentLogic_TestD2Ev
FNDA:1,_ZN35PaymentTests_SuccessfulPayment_Test8TestBodyEv
FNDA:1,_ZN35PaymentTests_SuccessfulPayment_TestC2Ev
FNDA:1,_ZN35PaymentTests_SuccessfulPayment_TestD0Ev
FNDA:1,_ZN35PaymentTests_SuccessfulPayment_TestD2Ev
FNDA:0,_Z18initialize_test_dbRKSs
FNDA:1,_ZN31PaymentTests_FailedPayment_Test8TestBodyEv
FNDA:1,_ZN31PaymentTests_FailedPayment_TestC2Ev
FNDA:1,_ZN31PaymentTests_FailedPayment_TestD0Ev
FNDA:1,_ZN31PaymentTests_FailedPayment_TestD2Ev
FNDA:2,_Z17isAppointmentPaidiRKSs
FNDA:2,_ZZ17isAppointmentPaidiRKSsENKUlPviPPcS3_E_clES1_iS3_S3_
FNDA:0,_Z16getReceiptStatusiRKSs
FNDA:0,_ZZ16getReceiptStatusiRKSsENKUlPviPPcS3_E_clES1_iS3_S3_
FNDA:3,_ZN12PaymentTests5SetUpEv
FNF:18
FNH:15
DA:15,0
DA:16,0
DA:18,0
DA:19,0
DA:21,0
DA:22,0
DA:23,0
DA:25,0
DA:26,0
DA:27,0
DA:28,0
DA:30,0
DA:33,2
DA:34,2
DA:35,2
DA:37,4
DA:38,4
DA:39,0
DA:40,2
DA:41,4
DA:43,2
DA:47,2
DA:48,2
DA:51,0
DA:52,0
DA:53,0
DA:55,0
DA:56,0
DA:57,0
DA:58,0
DA:59,0
DA:61,0
DA:65,0
DA:66,0
DA:76,3
DA:77,3
DA:80,21
DA:81,3
DA:82,3
DA:84,9
DA:85,3
DA:86,3
DA:89,3
DA:90,3
DA:91,3
DA:92,3
DA:93,3
DA:94,3
DA:97,3
DA:98,3
DA:106,4
DA:108,2
DA:109,2
DA:110,2
DA:113,2
DA:114,2
DA:117,2
DA:120,2
DA:121,1
DA:124,4
DA:126,1
DA:127,1
DA:133,2
DA:134,1
DA:137,1
DA:140,1
DA:141,1
DA:153,4
DA:155,1
DA:156,1
DA:159,1
DA:160,1
LF:72
LH:48
end_of_record
TN:
SF:/mnt/c/Users/ECS/Documents/GitHub/clinic-appointment-queue-management/tests/test_queue.cpp
FN:12,30,_Z18initialize_test_dbRKSs
FN:38,40,_ZN10QueueTests5SetUpEv
FN:43,50,_ZN10QueueTests18getPatientPositionEiRKSt6vectorISt4pairIiiESaIS2_EE
FN:57,57,_ZN27QueueTests_AddAndOrder_Test8TestBodyEv
FN:57,57,_ZN27QueueTests_AddAndOrder_TestC2Ev
FN:57,57,_ZN27QueueTests_AddAndOrder_TestD0Ev
FN:57,57,_ZN27QueueTests_AddAndOrder_TestD2Ev
FN:74,74,_ZN23QueueTests_Reorder_Test8TestBodyEv
FN:74,74,_ZN23QueueTests_Reorder_TestC2Ev
FN:74,74,_ZN23QueueTests_Reorder_TestD0Ev
FN:74,74,_ZN23QueueTests_Reorder_TestD2Ev
FN:94,94,_ZN25QueueTests_RefreshDB_Test8TestBodyEv
FN:94,94,_ZN25QueueTests_RefreshDB_TestC2Ev
FN:94,94,_ZN25QueueTests_RefreshDB_TestD0Ev
FN:94,94,_ZN25QueueTests_RefreshDB_TestD2Ev
FNDA:0,_Z18initialize_test_dbRKSs
FNDA:3,_ZN10QueueTests5SetUpEv
FNDA:6,_ZN10QueueTests18getPatientPositionEiRKSt6vectorISt4pairIiiESaIS2_EE
FNDA:1,_ZN27QueueTests_AddAndOrder_Test8TestBodyEv
FNDA:1,_ZN27QueueTests_AddAndOrder_TestC2Ev
FNDA:1,_ZN27QueueTests_AddAndOrder_TestD0Ev
FNDA:1,_ZN27QueueTests_AddAndOrder_TestD2Ev
FNDA:1,_ZN23QueueTests_Reorder_Test8TestBodyEv
FNDA:1,_ZN23QueueTests_Reorder_TestC2Ev
FNDA:1,_ZN23QueueTests_Reorder_TestD0Ev
FNDA:1,_ZN23QueueTests_Reorder_TestD2Ev
FNDA:1,_ZN25QueueTests_RefreshDB_Test8TestBodyEv
FNDA:1,_ZN25QueueTests_RefreshDB_TestC2Ev
FNDA:1,_ZN25QueueTests_RefreshDB_TestD0Ev
FNDA:1,_ZN25QueueTests_RefreshDB_TestD2Ev
FNF:15
FNH:14
DA:12,0
DA:14,0
DA:17,0
DA:18,0
DA:20,0
DA:21,0
DA:22,0
DA:25,0
DA:26,0
DA:27,0
DA:28,0
DA:30,0
DA:38,3
DA:39,3
DA:40,3
DA:43,6
DA:44,12
DA:45,12
DA:46,6
DA:49,0
DA:57,4
DA:59,1
DA:60,1
DA:61,1
DA:63,1
DA:66,1
DA:69,1
DA:70,1
DA:71,1
DA:72,1
DA:74,4
DA:76,1
DA:77,1
DA:78,1
DA:81,1
DA:83,1
DA:87,1
DA:89,1
DA:91,1
DA:92,1
DA:94,4
DA:96,1
DA:97,1
DA:100,1
DA:102,1
DA:103,0
DA:104,0
DA:105,0
DA:107,1
DA:108,1
LF:50
LH:34
end_of_record
TN:
SF:/mnt/c/Users/ECS/Documents/GitHub/clinic-appointment-queue-management/tests/test_register.cpp
FN:12,31,_Z18initialize_test_dbRKSs
FN:38,41,_ZN13RegisterTests5SetUpEv
FN:49,49,_ZN34RegisterTests_RegisterSuccess_Test8TestBodyEv
FN:49,49,_ZN34RegisterTests_RegisterSuccess_TestC2Ev
FN:49,49,_ZN34RegisterTests_RegisterSuccess_TestD0Ev
FN:49,49,_ZN34RegisterTests_RegisterSuccess_TestD2Ev
FN:69,69,_ZN41RegisterTests_RegisterDuplicateEmail_Test8TestBodyEv
FN:69,69,_ZN41RegisterTests_RegisterDuplicateEmail_TestC2Ev
FN:69,69,_ZN41RegisterTests_RegisterDuplicateEmail_TestD0Ev
FN:69,69,_ZN41RegisterTests_RegisterDuplicateEmail_TestD2Ev
FN:87,87,_ZN41RegisterTests_RegisterIncompleteData_Test8TestBodyEv
FN:87,87,_ZN41RegisterTests_RegisterIncompleteData_TestC2Ev
FN:87,87,_ZN41RegisterTests_RegisterIncompleteData_TestD0Ev
FN:87,87,_ZN41RegisterTests_RegisterIncompleteData_TestD2Ev
FNDA:0,_Z18initialize_test_dbRKSs
FNDA:3,_ZN13RegisterTests5SetUpEv
FNDA:1,_ZN34RegisterTests_RegisterSuccess_Test8TestBodyEv
FNDA:1,_ZN34RegisterTests_RegisterSuccess_TestC2Ev
FNDA:1,_ZN34RegisterTests_RegisterSuccess_TestD0Ev
FNDA:1,_ZN34RegisterTests_RegisterSuccess_TestD2Ev
FNDA:1,_ZN41RegisterTests_RegisterDuplicateEmail_Test8TestBodyEv
FNDA:1,_ZN41RegisterTests_RegisterDuplicateEmail_TestC2Ev
FNDA:1,_ZN41RegisterTests_RegisterDuplicateEmail_TestD0Ev
FNDA:1,_ZN41RegisterTests_RegisterDuplicateEmail_TestD2Ev
FNDA:1,_ZN41RegisterTests_RegisterIncompleteData_Test8TestBodyEv
FNDA:1,_ZN41RegisterTests_RegisterIncompleteData_TestC2Ev
FNDA:1,_ZN41RegisterTests_RegisterIncompleteData_TestD0Ev
FNDA:1,_ZN41RegisterTests_RegisterIncompleteData_TestD2Ev
FNF:14
FNH:13
DA:12,0
DA:14,0
DA:17,0
DA:18,0
DA:20,0
DA:21,0
DA:22,0
DA:25,0
DA:26,0
DA:27,0
DA:29,0
DA:31,0
DA:38,3
DA:40,3
DA:41,3
DA:49,4
DA:51,2
DA:52,2
DA:53,2
DA:54,1
DA:56,1
DA:59,1
DA:62,1
DA:65,1
DA:69,4
DA:70,2
DA:73,5
DA:74,1
DA:75,1
DA:78,6
DA:79,1
DA:82,1
DA:83,1
DA:87,4
DA:89,7
DA:92,1
DA:94,1
DA:95,1
LF:38
LH:26
end_of_record
TN:
SF:/mnt/c/Users/ECS/Documents/GitHub/clinic-appointment-queue-management/utils/password_utils.cpp
FN:15,17,_ZN13PasswordUtils12hashPasswordERKSs
FN:19,21,_ZN13PasswordUtils14verifyPasswordERKSsS1_
FN:6,11,_ZL10simpleHashRKSs
FNDA:23,_ZN13PasswordUtils12hashPasswordERKSs
FNDA:2,_ZN13PasswordUtils14verifyPasswordERKSsS1_
FNDA:25,_ZL10simpleHashRKSs
FNF:3
FNH:3
DA:6,25
DA:7,25
DA:8,206
DA:9,181
DA:10,25
DA:15,23
DA:16,23
DA:19,2
DA:20,2
LF:9
LH:9
end_of_record
TN:
SF:/mnt/c/Users/ECS/Documents/GitHub/clinic-appointment-queue-management/utils/time_utils.cpp
FN:15,18,_ZN9TimeUtils15isValidDateTimeERKSs
FN:20,22,_ZN9TimeUtils15nowEpochSecondsEv
FN:7,13,_ZN9TimeUtils18getCurrentDateTimeEv
FNDA:0,_ZN9TimeUtils15isValidDateTimeERKSs
FNDA:20,_ZN9TimeUtils15nowEpochSecondsEv
FNDA:0,_ZN9TimeUtils18getCurrentDateTimeEv
FNF:3
FNH:1
DA:7,0
DA:8,0
DA:9,0
DA:11,0
DA:12,0
DA:15,0
DA:16,0
DA:17,0
DA:20,20
DA:21,20
LF:10
LH:2
end_of_record
