TN:
SF:/mnt/c/Users/ECS/Documents/GitHub/clinic-appointment-queue-management/database/db_connection.cpp
FN:14,19,_ZN12DBConnectionD2Ev
FN:22,37,_ZN12DBConnection11getInstanceERKSs
FN:40,47,_ZN12DBConnection15destroyInstanceEv
FN:51,74,_ZN12DBConnection7executeERKSs
FN:6,13,_ZN12DBConnectionC2ERKSs
FN:77,102,_ZN12DBConnection5queryERKSsPFiPviPPcS4_ES2_
FNDA:126,_ZN12DBConnectionD2Ev
FNDA:558,_ZN12DBConnection11getInstanceERKSs
FNDA:131,_ZN12DBConnection15destroyInstanceEv
FNDA:302,_ZN12DBConnection7executeERKSs
FNDA:131,_ZN12DBConnectionC2ERKSs
FNDA:284,_ZN12DBConnection5queryERKSsPFiPviPPcS4_ES2_
FNF:6
FNH:6
DA:6,131
DA:7,131
DA:8,0
DA:9,0
DA:11,0
DA:13,131
DA:14,126
DA:15,126
DA:16,126
DA:17,126
DA:19,126
DA:22,558
DA:24,558
DA:28,131
DA:29,0
DA:30,0
DA:32,0
DA:33,0
DA:36,558
DA:40,131
DA:41,131
DA:43,126
DA:44,126
DA:45,126
DA:47,131
DA:51,302
DA:53,302
DA:54,0
DA:55,0
DA:59,302
DA:60,302
DA:62,302
DA:63,86
DA:64,86
DA:65,86
DA:67,216
DA:69,0
DA:71,0
DA:72,0
DA:73,0
DA:77,284
DA:81,284
DA:82,0
DA:83,0
DA:87,284
DA:88,284
DA:90,284
DA:91,0
DA:92,0
DA:93,0
DA:95,284
DA:97,0
DA:99,0
DA:100,0
DA:101,0
LF:55
LH:33
end_of_record
TN:
SF:/mnt/c/Users/ECS/Documents/GitHub/clinic-appointment-queue-management/database/sqlite3.c
FN:100025,100033,exprCodeSubselect
FN:100053,100073,exprVectorRegister
FN:100086,100163,codeVectorCompare
FN:100171,100181,sqlite3ExprCheckHeight
FN:100192,100198,heightOfExpr
FN:100199,100206,heightOfExprList
FN:100207,100217,heightOfSelect
FN:100229,100240,exprSetHeight
FN:100250,100254,sqlite3ExprSetHeightAndFlags
FN:100260,100264,sqlite3SelectExprHeight
FN:100298,100340,sqlite3ExprAlloc
FN:100346,100355,sqlite3Expr
FN:100363,100384,sqlite3ExprAttachSubtrees
FN:100393,100412,sqlite3PExpr
FN:100418,100427,sqlite3PExprAddSelect
FN:100438,100453,sqlite3ExprAnd
FN:100459,100482,sqlite3ExprFunction
FN:100495,100516,sqlite3ExprFunctionUsable
FN:100534,100597,sqlite3ExprAssignVarNumber
FN:100602,100640,sqlite3ExprDeleteNN
FN:100641,100643,sqlite3ExprDelete
FN:100648,100655,sqlite3ExprUnmapAndDelete
FN:100662,100666,exprStructSize
FN:100702,100726,dupedExprStructSize
FN:100733,100739,dupedExprNodeSize
FN:100754,100763,dupedExprSize
FN:100773,100874,exprDup
FN:100882,100898,withDup
FN:100910,100920,gatherSelectWindowsCallback
FN:100921,100923,gatherSelectWindowsSelectCallback
FN:100924,100932,gatherSelectWindows
FN:100953,100956,sqlite3ExprDup
FN:100957,100998,sqlite3ExprListDup
FN:101008,101048,sqlite3SrcListDup
FN:101049,101072,sqlite3IdListDup
FN:101073,101112,sqlite3SelectDup
FN:101136,101171,sqlite3ExprListAppend
FN:101184,101243,sqlite3ExprListAppendVector
FN:101248,101276,sqlite3ExprListSetSortOrder
FN:101286,101311,sqlite3ExprListSetName
FN:101321,101337,sqlite3ExprListSetSpan
FN:101343,101354,sqlite3ExprListCheckLength
FN:101359,101369,exprListDeleteNN
FN:101370,101372,sqlite3ExprListDelete
FN:101378,101388,sqlite3ExprListFlags
FN:101397,101401,sqlite3SelectWalkFail
FN:101411,101415,sqlite3IsTrueOrFalse
FN:101423,101434,sqlite3ExprIdToTrueFalse
FN:101440,101446,sqlite3ExprTruthValue
FN:101461,101473,sqlite3ExprSimplifiedAndOr
FN:101502,101573,exprNodeIsConstant
FN:101574,101585,exprIsConst
FN:101595,101597,sqlite3ExprIsConstant
FN:101612,101614,sqlite3ExprIsConstantNotJoin
FN:101622,101624,sqlite3ExprIsTableConstant
FN:101630,101653,exprNodeIsConstantOrGroupBy
FN:101674,101683,sqlite3ExprIsConstantOrGroupBy
FN:101706,101709,sqlite3ExprIsConstantOrFunction
FN:101735,101765,sqlite3ExprIsInteger
FN:101781,101803,sqlite3ExprCanBeNull
FN:101815,101846,sqlite3ExprNeedsNoAffinityChange
FN:101851,101856,sqlite3IsRowid
FN:101866,101901,isCandidateForInOpt
FN:101911,101919,sqlite3SetHasNullFlag
FN:101928,101937,sqlite3InRhsIsConstant
FN:102021,102231,sqlite3FindInIndex
FN:102243,102265,exprINAffinity
FN:102275,102280,sqlite3SubselectError
FN:102294,102303,sqlite3VectorErrorMsg
FN:102328,102498,sqlite3CodeRhsOfIN
FN:102516,102621,sqlite3CodeSubselect
FN:102631,102643,sqlite3ExprCheckIN
FN:102672,102916,sqlite3ExprCodeIN
FN:102928,102936,codeReal
FN:102946,102977,codeInteger
FN:102983,103001,sqlite3ExprCodeLoadIndexColumn
FN:103008,103027,sqlite3ExprCodeGeneratedColumn
FN:103033,103081,sqlite3ExprCodeGetColumnOfTable
FN:103090,103105,sqlite3ExprCodeGetColumn
FN:103111,103113,sqlite3ExprCodeMove
FN:103120,103126,exprToRegister
FN:103138,103161,exprCodeVector
FN:103167,103171,setDoNotMergeFlagOnCopy
FN:103177,103279,exprCodeInlineFunction
FN:103293,104029,sqlite3ExprCodeTarget
FN:104048,104090,sqlite3ExprCodeRunJustOnce
FN:104105,104125,sqlite3ExprCodeTemp
FN:104132,104148,sqlite3ExprCode
FN:104155,104160,sqlite3ExprCodeCopy
FN:104168,104174,sqlite3ExprCodeFactorable
FN:104196,104249,sqlite3ExprCodeExprList
FN:104271,104327,exprCodeBetween
FN:104343,104474,sqlite3ExprIfTrue
FN:104485,104650,sqlite3ExprIfFalse
FN:104657,104664,sqlite3ExprIfFalseDup
FN:104679,104700,exprCompareVariable
FN:104731,104797,sqlite3ExprCompare
FN:104815,104828,sqlite3ExprListCompare
FN:104834,104839,sqlite3ExprCompareSkip
FN:104847,104916,exprImpliesNotNull
FN:104943,104959,sqlite3ExprImpliesExpr
FN:104970,105050,impliesNotNullRow
FN:105074,105093,sqlite3ExprImpliesNonNullRow
FN:105112,105121,exprIdxCover
FN:105133,105147,sqlite3ExprCoveredByIndex
FN:105169,105175,selectSrcCount
FN:105180,105205,exprSrcCount
FN:105213,105232,sqlite3FunctionUsesThisSrc
FN:105247,105279,agginfoPersistExprCb
FN:105285,105290,sqlite3AggInfoPersistWalkerInit
FN:105296,105306,addAggInfoColumn
FN:105312,105322,addAggInfoFunc
FN:105329,105454,analyzeAggregate
FN:105465,105475,sqlite3ExprAnalyzeAggregates
FN:105483,105491,sqlite3ExprAnalyzeAggList
FN:105496,105501,sqlite3GetTempReg
FN:105507,105514,sqlite3ReleaseTempReg
FN:105519,105532,sqlite3GetTempRange
FN:105533,105543,sqlite3ReleaseTempRange
FN:105553,105556,sqlite3ClearTempRegCache
FN:105613,105625,isAlterableTable
FN:105634,105655,renameTestSchema
FN:105661,105668,renameReloadSchema
FN:105674,105841,sqlite3AlterRenameTable
FN:105847,105857,sqlite3ErrorIfNotEmpty
FN:105867,105995,sqlite3AlterFinishAddColumn
FN:106012,106083,sqlite3AlterBeginAddColumn
FN:106094,106113,isRealTable
FN:106123,106207,sqlite3AlterRenameColumn
FN:106297,106312,sqlite3RenameTokenMap
FN:106319,106328,sqlite3RenameTokenRemap
FN:106333,106337,renameUnmapExprCb
FN:106343,106357,renameWalkWith
FN:106362,106372,unmapColumnIdlistNames
FN:106377,106401,renameUnmapSelectCb
FN:106406,106416,sqlite3RenameExprUnmap
FN:106422,106436,sqlite3RenameExprlistUnmap
FN:106441,106448,renameTokenFree
FN:106456,106469,renameTokenFind
FN:106476,106480,renameColumnSelectCb
FN:106491,106505,renameColumnExprCb
FN:106516,106528,renameColumnTokenNext
FN:106537,106554,renameColumnParseError
FN:106562,106580,renameColumnElistNames
FN:106587,106602,renameColumnIdlistNames
FN:106609,106653,renameParseSql
FN:106664,106738,renameEditSql
FN:106746,106818,renameResolveTrigger
FN:106824,106843,renameWalkTrigger
FN:106849,106864,renameParseCleanup
FN:106889,107045,renameColumnFunc
FN:107050,107056,renameTableExprCb
FN:107061,107079,renameTableSelectCb
FN:107101,107237,renameTableFunc
FN:107258,107309,renameTableTest
FN:107314,107321,sqlite3AlterFunctions
FN:107491,107575,openStatTable
FN:107690,107701,statAccumDestructor
FN:107725,107811,statInit
FN:108027,108100,statPush
FN:108139,108253,statGet
FN:108266,108277,callStatGet
FN:108283,108638,analyzeOneTable
FN:108645,108650,loadAnalysis
FN:108655,108675,analyzeDatabase
FN:108682,108699,analyzeTable
FN:108713,108759,sqlite3Analyze
FN:108776,108836,decodeIntArray
FN:108849,108906,analysisLoader
FN:108912,108930,sqlite3DeleteIndexSamples
FN:109176,109240,sqlite3AnalysisLoad
FN:109281,109292,resolveAttachExpr
FN:109298,109303,sqlite3DbIsNamed
FN:109320,109503,attachFunc
FN:109513,109567,detachFunc
FN:109573,109637,codeAttach
FN:109644,109657,sqlite3Detach
FN:109664,109677,sqlite3Attach
FN:109684,109701,sqlite3FixInit
FN:109717,109750,sqlite3FixSrcList
FN:109752,109789,sqlite3FixSelect
FN:109790,109816,sqlite3FixExpr
FN:109817,109830,sqlite3FixExprList
FN:109834,109863,sqlite3FixTriggerStep
FN:109937,109951,sqlite3_set_authorizer
FN:109957,109960,sqliteAuthBadReturnCode
FN:109971,109996,sqlite3AuthReadCol
FN:110007,110057,sqlite3AuthRead
FN:110065,110111,sqlite3AuthCheck
FN:110118,110127,sqlite3AuthContextPush
FN:110133,110138,sqlite3AuthContextPop
FN:110192,110228,sqlite3TableLock
FN:110234,110247,codeTableLocks
FN:110275,110388,sqlite3FinishCoding
FN:110402,110430,sqlite3NestedParse
FN:110454,110500,sqlite3FindTable
FN:110512,110561,sqlite3LocateTable
FN:110572,110586,sqlite3LocateTableItem
FN:110600,110615,sqlite3FindIndex
FN:110620,110632,sqlite3FreeIndex
FN:110640,110663,sqlite3UnlinkAndDeleteIndex
FN:110673,110693,sqlite3CollapseDatabaseArray
FN:110700,110718,sqlite3ResetOneSchema
FN:110724,110743,sqlite3ResetAllSchemasOfConnection
FN:110748,110750,sqlite3CommitInternalChanges
FN:110756,110769,sqlite3DeleteColumnNames
FN:110786,110836,deleteTable
FN:110837,110842,sqlite3DeleteTable
FN:110849,110862,sqlite3UnlinkAndDeleteTable
FN:110877,110886,sqlite3NameFromToken
FN:110892,110899,sqlite3OpenMasterTable
FN:110907,110919,sqlite3FindDbName
FN:110927,110934,sqlite3FindDb
FN:110952,110980,sqlite3TwoPartName
FN:110985,110994,sqlite3WritableSchema
FN:111007,111039,sqlite3CheckObjectName
FN:111044,111048,sqlite3PrimaryKeyIndex
FN:111056,111062,sqlite3TableColumnToIndex
FN:111076,111084,sqlite3StorageColumnToTable
FN:111124,111139,sqlite3TableColumnToStorage
FN:111158,111350,sqlite3StartTable
FN:111374,111435,sqlite3AddColumn
FN:111443,111463,sqlite3AddNotNull
FN:111490,111555,sqlite3AffinityType
FN:111567,111608,sqlite3AddDefaultValue
FN:111626,111632,sqlite3StringToId
FN:111637,111647,makeColumnPartOfPrimaryKey
FN:111667,111737,sqlite3AddPrimaryKey
FN:111742,111761,sqlite3AddCheckConstraint
FN:111767,111797,sqlite3AddCollateType
FN:111802,111849,sqlite3AddGenerated
FN:111870,111876,sqlite3ChangeCookie
FN:111886,111892,identLength
FN:111907,111928,identPut
FN:111935,111997,createTableStmt
FN:112003,112022,resizeIndexObject
FN:112027,112036,estimateTableWidth
FN:112041,112051,estimateIndexWidth
FN:112057,112065,hasColumn
FN:112080,112099,isDupColumn
FN:112119,112133,recomputeColumnsNotIndexed
FN:112159,112301,convertToWithoutRowidTable
FN:112309,112322,sqlite3IsShadowTableOf
FN:112333,112344,sqlite3ShadowTableName
FN:112394,112679,sqlite3EndTable
FN:112685,112757,sqlite3CreateView
FN:112766,112893,sqlite3ViewGetColumnNames
FN:112900,112913,sqliteViewResetAll
FN:112936,112957,sqlite3RootPageMoved
FN:112966,112987,destroyRootPage
FN:112995,113038,destroyTable
FN:113044,113062,sqlite3ClearStatTables
FN:113067,113133,sqlite3CodeDropTable
FN:113139,113149,sqlite3ReadOnlyShadowTables
FN:113154,113164,tableMayNotBeDropped
FN:113170,113269,sqlite3DropTable
FN:113287,113408,sqlite3CreateForeignKey
FN:113417,113425,sqlite3DeferForeignKey
FN:113438,113535,sqlite3RefillIndex
FN:113544,113570,sqlite3AllocateIndexObject
FN:113577,113591,sqlite3HasExplicitNulls
FN:113605,114181,sqlite3CreateIndex
FN:114201,114227,sqlite3DefaultRowEst
FN:114233,114295,sqlite3DropIndex
FN:114314,114336,sqlite3ArrayAllocate
FN:114344,114367,sqlite3IdListAppend
FN:114372,114380,sqlite3IdListDelete
FN:114386,114393,sqlite3IdListIndex
FN:114427,114478,sqlite3SrcListEnlarge
FN:114516,114556,sqlite3SrcListAppend
FN:114561,114574,sqlite3SrcListAssignCursors
FN:114579,114595,sqlite3SrcListDelete
FN:114613,114658,sqlite3SrcListAppendFromTerm
FN:114664,114682,sqlite3SrcListIndexedBy
FN:114688,114699,sqlite3SrcListFuncArgs
FN:114716,114724,sqlite3SrcListShiftJoinType
FN:114729,114749,sqlite3BeginTransaction
FN:114756,114772,sqlite3EndTransaction
FN:114778,114792,sqlite3Savepoint
FN:114798,114825,sqlite3OpenTempDatabase
FN:114833,114846,sqlite3CodeVerifySchema
FN:114852,114861,sqlite3CodeVerifyNamedSchema
FN:114876,114881,sqlite3BeginWriteOperation
FN:114890,114893,sqlite3MultiWrite
FN:114911,114914,sqlite3MayAbort
FN:114921,114936,sqlite3HaltConstraint
FN:114941,114971,sqlite3UniqueConstraint
FN:114977,114994,sqlite3RowidConstraint
FN:115001,115012,collationMatch
FN:115020,115032,reindexTable
FN:115041,115056,reindexDatabases
FN:115073,115124,sqlite3Reindex
FN:115133,115171,sqlite3KeyInfoOfIndex
FN:115178,115223,sqlite3WithAdd
FN:115228,115239,sqlite3WithDelete
FN:115266,115286,callCollNeeded
FN:115295,115309,synthCollSeq
FN:115322,115333,sqlite3CheckCollSeq
FN:115350,115385,findCollSeqEntry
FN:115402,115418,sqlite3FindCollSeq
FN:115424,115431,sqlite3SetTextEncoding
FN:115447,115476,sqlite3GetCollSeq
FN:115498,115510,sqlite3LocateCollSeq
FN:115541,115571,matchQuality
FN:115577,115588,sqlite3FunctionSearch
FN:115593,115615,sqlite3InsertBuiltinFuncs
FN:115638,115720,sqlite3FindFunction
FN:115730,115756,sqlite3SchemaClear
FN:115762,115779,sqlite3SchemaGet
FN:115813,115827,sqlite3SrcListLookup
FN:115844,115856,tabIsReadOnly
FN:115863,115875,sqlite3IsReadOnly
FN:115884,115911,sqlite3MaterializeView
FN:116016,116411,sqlite3DeleteFrom
FN:116463,116595,sqlite3GenerateRowDelete
FN:116615,116647,sqlite3GenerateRowIndexDelete
FN:116680,116737,sqlite3GenerateIndexKey
FN:116744,116748,sqlite3ResolvePartIdxLabel
FN:116778,116785,sqlite3GetFuncCollSeq
FN:116791,116795,sqlite3SkipAccumulatorLoad
FN:116800,116825,minmaxFunc
FN:116830,116849,typeofFunc
FN:116855,116889,lengthFunc
FN:116897,116933,absFunc
FN:116946,117009,instrFunc
FN:117014,117036,printfFunc
FN:117050,117139,substrFunc
FN:117145,117176,roundFunc
FN:117186,117202,contextMalloc
FN:117207,117225,upperFunc
FN:117226,117244,lowerFunc
FN:117259,117279,randomFunc
FN:117285,117303,randomBlob
FN:117309,117320,last_insert_rowid
FN:117329,117337,changes
FN:117343,117353,total_changes
FN:117431,117557,patternCompare
FN:117563,117565,sqlite3_strglob
FN:117571,117573,sqlite3_strlike
FN:117597,117661,likeFunc
FN:117668,117678,nullifFunc
FN:117684,117693,versionFunc
FN:117700,117709,sourceidFunc
FN:117716,117724,errlogFunc
FN:117732,117747,compileoptionusedFunc
FN:117756,117769,compileoptiongetFunc
FN:117786,117856,quoteFunc
FN:117862,117870,unicodeFunc
FN:117877,117912,charFunc
FN:117918,117941,hexFunc
FN:117946,117961,zeroblobFunc
FN:117969,118056,replaceFunc
FN:118062,118140,trimFunc
FN:118227,118250,loadExt
FN:118277,118297,sumStep
FN:118299,118320,sumInverse
FN:118324,118336,sumFinalize
FN:118337,118343,avgFinalize
FN:118344,118349,totalFinalize
FN:118366,118381,countStep
FN:118382,118386,countFinalize
FN:118388,118398,countInverse
FN:118406,118443,minmaxStep
FN:118444,118453,minMaxValueFinalize
FN:118455,118457,minMaxValue
FN:118461,118463,minMaxFinalize
FN:118468,118499,groupConcatStep
FN:118501,118528,groupConcatInverse
FN:118532,118545,groupConcatFinalize
FN:118547,118560,groupConcatValue
FN:118570,118576,sqlite3RegisterPerConnectionBuiltinFunctions
FN:118583,118597,sqlite3RegisterLikeFunctions
FN:118616,118656,sqlite3IsLikeFunction
FN:118665,118799,sqlite3RegisterBuiltinFunctions
FN:118985,119092,sqlite3FkLocateIndex
FN:119120,119262,fkLookupParent
FN:119273,119299,exprTableRegister
FN:119305,119318,exprTableColumn
FN:119352,119465,fkScanChildren
FN:119481,119483,sqlite3FkReferences
FN:119493,119502,fkTriggerDelete
FN:119521,119569,sqlite3FkDropTable
FN:119584,119597,fkChildIsModified
FN:119611,119633,fkParentIsModified
FN:119640,119651,isSetNullAction
FN:119673,119867,sqlite3FkCheck
FN:119875,119898,sqlite3FkOldmask
FN:119923,119959,sqlite3FkRequired
FN:119990,120175,fkActionTrigger
FN:120181,120204,sqlite3FkActions
FN:120213,120249,sqlite3FkDelete
FN:120279,120303,sqlite3OpenTable
FN:120325,120362,sqlite3IndexAffinityStr
FN:120384,120415,sqlite3TableAffinity
FN:120423,120455,readsTable
FN:120460,120466,exprColumnFlagUnion
FN:120476,120566,sqlite3ComputeGeneratedColumns
FN:120594,120637,autoIncBegin
FN:120643,120694,sqlite3AutoincrementBegin
FN:120704,120708,autoIncStep
FN:120717,120753,autoIncrementEnd
FN:120754,120756,sqlite3AutoincrementEnd
FN:120873,121576,sqlite3Insert
FN:121603,121615,checkConstraintExprNode
FN:121632,121652,sqlite3ExprReferencesUpdatedColumn
FN:121745,122506,sqlite3GenerateConstraintChecks
FN:122539,122613,sqlite3CompleteInsertion
FN:122636,122688,sqlite3OpenTableAndIndices
FN:122714,122748,xferCompatibleIndex
FN:122775,123127,xferOptimization
FN:123161,123272,sqlite3_exec
FN:124441,124581,sqlite3LoadExtension
FN:124582,124594,sqlite3_load_extension
FN:124600,124607,sqlite3CloseExtensions
FN:124613,124622,sqlite3_enable_load_extension
FN:124659,124695,sqlite3_auto_extension
FN:124706,124726,sqlite3_cancel_auto_extension
FN:124731,124746,sqlite3_reset_auto_extension
FN:124753,124790,sqlite3AutoLoadExtensions
FN:125489,125509,getSafetyLevel
FN:125514,125516,sqlite3GetBoolean
FN:125527,125533,getLockingMode
FN:125542,125549,getAutoVacuum
FN:125558,125568,getTempStore
FN:125576,125589,invalidateTempStorage
FN:125598,125607,changeTempStorage
FN:125613,125627,setPragmaResultColumnNames
FN:125632,125635,returnSingleInt
FN:125640,125648,returnSingleText
FN:125656,125674,setAllPagerFlags
FN:125684,125695,actionName
FN:125704,125721,sqlite3JournalModename
FN:125726,125741,pragmaLocate
FN:125747,125789,pragmaFunclistLine
FN:125799,125806,integrityCheckResultRow
FN:125823,127694,sqlite3Pragma
FN:127719,127776,pragmaVtabConnect
FN:127781,127785,pragmaVtabDisconnect
FN:127794,127828,pragmaVtabBestIndex
FN:127831,127839,pragmaVtabOpen
FN:127842,127850,pragmaVtabCursorClear
FN:127853,127858,pragmaVtabClose
FN:127861,127874,pragmaVtabNext
FN:127879,127924,pragmaVtabFilter
FN:127929,127932,pragmaVtabEof
FN:127937,127950,pragmaVtabColumn
FN:127955,127959,pragmaVtabRowid
FN:127994,128002,sqlite3PragmaVtabRegister
FN:128031,128054,corruptSchema
FN:128061,128067,sqlite3IndexHasDuplicateRootPage
FN:128095,128169,sqlite3InitCallback
FN:128179,128401,sqlite3InitOne
FN:128412,128438,sqlite3Init
FN:128444,128458,sqlite3ReadSchema
FN:128466,128506,schemaIsValid
FN:128515,128539,sqlite3SchemaToIndex
FN:128544,128548,agginfoFree
FN:128553,128569,sqlite3ParserReset
FN:128574,128711,sqlite3Prepare
FN:128712,128746,sqlite3LockAndPrepare
FN:128757,128785,sqlite3Reprepare
FN:128796,128807,sqlite3_prepare
FN:128808,128825,sqlite3_prepare_v2
FN:128826,128847,sqlite3_prepare_v3
FN:128854,128902,sqlite3Prepare16
FN:128912,128923,sqlite3_prepare16
FN:128924,128935,sqlite3_prepare16_v2
FN:128936,128950,sqlite3_prepare16_v3
FN:129047,129067,clearSelect
FN:129072,129078,sqlite3SelectDestInit
FN:129085,129138,sqlite3SelectNew
FN:129144,129146,sqlite3SelectDelete
FN:129153,129161,sqlite3SelectReset
FN:129166,129169,findRightmost
FN:129188,129243,sqlite3JoinType
FN:129249,129255,columnIndex
FN:129266,129291,tableAndColumnIndex
FN:129304,129335,addWhereTerm
FN:129363,129378,sqlite3SetJoinExpr
FN:129386,129401,unsetJoinExpr
FN:129417,129503,sqliteProcessJoin
FN:129523,129536,innerLoopLoadRow
FN:129544,129559,makeSorterRecord
FN:129565,129702,pushOntoSorter
FN:129707,129716,codeOffset
FN:129727,129744,codeDistinct
FN:129836,130246,selectInnerLoop
FN:130252,130267,sqlite3KeyInfoAlloc
FN:130272,130278,sqlite3KeyInfoUnref
FN:130283,130289,sqlite3KeyInfoRef
FN:130315,130337,sqlite3KeyInfoFromExprList
FN:130342,130351,selectOpName
FN:130364,130366,explainTempTable
FN:130390,130573,generateSortTail
FN:130604,130741,columnTypeImpl
FN:130747,130781,generateColumnTypes
FN:130814,130882,generateColumnNames
FN:130906,130998,sqlite3ColumnsFromExprList
FN:131011,131055,sqlite3SelectAddColumnTypeAndCollation
FN:131061,131088,sqlite3ResultSetOfSelect
FN:131094,131104,sqlite3GetVdbe
FN:131130,131176,computeLimitRegisters
FN:131187,131202,multiSelectCollSeq
FN:131213,131240,multiSelectOrderByKeyInfo
FN:131279,131415,generateWithRecursiveQuery
FN:131441,131471,multiSelectValues
FN:131504,131845,multiSelect
FN:131852,131859,sqlite3SelectWrongNumTermsError
FN:131881,132003,generateOutputSubroutine
FN:132091,132387,multiSelectOrderBy
FN:132423,132503,substExpr
FN:132504,132513,substExprList
FN:132514,132538,substSelect
FN:132549,132557,recomputeColumnsUsedExpr
FN:132558,132570,recomputeColumnsUsed
FN:132729,133141,flattenSubquery
FN:133164,133201,constInsert
FN:133209,133229,findConstInWhere
FN:133237,133261,propagateConstantExprRewrite
FN:133299,133326,propagateConstants
FN:133382,133452,pushDownWhereTerms
FN:133471,133500,minMaxQuery
FN:133513,133535,isSimpleCount
FN:133544,133561,sqlite3IndexedByLookup
FN:133583,133641,convertCompoundSelectToSubquery
FN:133648,133654,cannotBeFunction
FN:133667,133686,searchWith
FN:133698,133706,sqlite3WithPush
FN:133723,133839,withExpand
FN:133851,133860,selectPopWith
FN:133872,133892,sqlite3ExpandSubquery
FN:133918,134203,selectExpander
FN:134228,134241,sqlite3SelectExpand
FN:134258,134282,selectAddSubqueryTypeInfo
FN:134293,134302,sqlite3SelectAddTypeInfo
FN:134317,134330,sqlite3SelectPrep
FN:134340,134376,resetAccumulator
FN:134382,134392,finalizeAggFunctions
FN:134404,134490,updateAccumulator
FN:134497,134510,explainSimpleCount
FN:134526,134543,havingToWhereExprCb
FN:134560,134573,havingToWhere
FN:134580,134610,isSelfJoinView
FN:134712,135804,sqlite3Select
FN:135849,135911,sqlite3_get_table_cb
FN:135923,135987,sqlite3_get_table
FN:135992,136003,sqlite3_free_table
FN:136027,136041,sqlite3DeleteTriggerStep
FN:136057,136080,sqlite3TriggerList
FN:136090,136285,sqlite3BeginTrigger
FN:136291,136372,sqlite3FinishTrigger
FN:136378,136383,triggerSpanDup
FN:136392,136408,sqlite3TriggerSelectStep
FN:136416,136439,triggerStepAllocate
FN:136448,136486,sqlite3TriggerInsertStep
FN:136493,136521,sqlite3TriggerUpdateStep
FN:136528,136550,sqlite3TriggerDeleteStep
FN:136555,136563,sqlite3DeleteTrigger
FN:136573,136609,sqlite3DropTrigger
FN:136615,136617,tableOfTrigger
FN:136623,136656,sqlite3DropTriggerPtr
FN:136661,136684,sqlite3UnlinkAndDeleteTrigger
FN:136695,136702,checkColumnOverlap
FN:136710,136734,sqlite3TriggersExist
FN:136746,136767,targetSrcList
FN:136773,136852,codeTriggerProgram
FN:136877,136887,transferParseError
FN:136893,137001,codeRowTrigger
FN:137009,137035,getRowTrigger
FN:137043,137073,sqlite3CodeRowTriggerDirect
FN:137115,137150,sqlite3CodeRowTrigger
FN:137177,137204,sqlite3TriggerColmask
FN:137270,137289,sqlite3ColumnDefault
FN:137302,137318,indexColumnIsBeingUpdated
FN:137332,137340,indexWhereClauseMightChange
FN:137349,138128,sqlite3Update
FN:138161,138281,updateVirtualTable
FN:138306,138314,sqlite3UpsertDelete
FN:138319,138327,sqlite3UpsertDup
FN:138332,138355,sqlite3UpsertNew
FN:138364,138471,sqlite3UpsertAnalyzeTarget
FN:138482,138542,sqlite3UpsertDoUpdate
FN:138579,138608,execSql
FN:138609,138620,execSqlF
FN:138652,138685,sqlite3Vacuum
FN:138690,138949,sqlite3RunVacuum
FN:138993,139034,sqlite3VtabCreateModule
FN:139041,139056,createModule
FN:139062,139072,sqlite3_create_module
FN:139077,139088,sqlite3_create_module_v2
FN:139094,139110,sqlite3_drop_modules
FN:139116,139126,sqlite3VtabModuleUnref
FN:139136,139138,sqlite3VtabLock
FN:139146,139151,sqlite3GetVTable
FN:139157,139173,sqlite3VtabUnlock
FN:139182,139212,vtabDisconnectAll
FN:139222,139237,sqlite3VtabDisconnect
FN:139260,139275,sqlite3VtabUnlockList
FN:139291,139300,sqlite3VtabClear
FN:139308,139324,addModuleArgument
FN:139331,139372,sqlite3VtabBeginParse
FN:139379,139386,addArgumentToVtab
FN:139392,139472,sqlite3VtabFinishParse
FN:139478,139482,sqlite3VtabArgInit
FN:139488,139497,sqlite3VtabArgExtend
FN:139504,139627,vtabCallConstructor
FN:139636,139666,sqlite3VtabCallConnect
FN:139671,139688,growVTrans
FN:139694,139698,addToVTrans
FN:139708,139742,sqlite3VtabCallCreate
FN:139749,139825,sqlite3_declare_vtab
FN:139834,139865,sqlite3VtabCallDestroy
FN:139875,139894,callFinaliser
FN:139903,139919,sqlite3VtabSync
FN:139925,139928,sqlite3VtabRollback
FN:139934,139937,sqlite3VtabCommit
FN:139947,139990,sqlite3VtabBegin
FN:140007,140040,sqlite3VtabSavepoint
FN:140055,140116,sqlite3VtabOverloadFunction
FN:140124,140141,sqlite3VtabMakeWritable
FN:140157,140188,sqlite3VtabEponymousTableInit
FN:140194,140204,sqlite3VtabEponymousTableClear
FN:140213,140224,sqlite3_vtab_on_conflict
FN:140231,140270,sqlite3_vtab_config
FN:140927,140932,explainIndexColumnName
FN:140942,140970,explainAppendTerm
FN:140986,141009,explainIndexRange
FN:141020,141120,sqlite3WhereExplainOneScan
FN:141195,141214,disableTerm
FN:141227,141252,codeApplyAffinity
FN:141264,141278,updateRangeAffinityStr
FN:141310,141374,removeUnindexableInClauseTerms
FN:141392,141516,codeEqualityTerm
FN:141563,141663,codeAllEqualityTerms
FN:141683,141698,whereLikeOptimizationStringFixup
FN:141935,141968,codeDeferredSeek
FN:141979,142003,codeExprOrVector
FN:142022,142030,preserveExpr
FN:142038,142054,whereIndexExprTransNode
FN:142060,142073,whereIndexExprTransColumn
FN:142085,142139,whereIndexExprTrans
FN:142148,142167,whereApplyPartialIndexConstraints
FN:142173,143370,sqlite3WhereCodeOneLoopStart
FN:143401,143404,whereOrInfoDelete
FN:143409,143412,whereAndInfoDelete
FN:143433,143467,whereClauseInsert
FN:143474,143480,allowedOp
FN:143486,143504,exprCommute
FN:143509,143531,operatorMask
FN:143547,143688,isLikeOrGlob
FN:143719,143817,isAuxiliaryVtabOperator
FN:143824,143829,transferJoinMarkings
FN:143834,143838,markTermAsChild
FN:143845,143853,whereNthSubterm
FN:143875,143911,whereCombineDisjuncts
FN:144001,144254,exprAnalyzeOrTerm
FN:144272,144288,termIsEquivalence
FN:144295,144317,exprSelectUsage
FN:144332,144355,exprMightBeIndexed2
FN:144356,144381,exprMightBeIndexed
FN:144401,144800,exprAnalyze
FN:144824,144834,sqlite3WhereSplit
FN:144839,144849,sqlite3WhereClauseInit
FN:144856,144873,sqlite3WhereClauseClear
FN:144881,144908,sqlite3WhereExprUsageNN
FN:144909,144911,sqlite3WhereExprUsage
FN:144912,144921,sqlite3WhereExprListUsage
FN:144932,144940,sqlite3WhereExprAnalyze
FN:144949,144985,sqlite3WhereTabFuncArgs
FN:145037,145039,sqlite3WhereOutputRowCount
FN:145045,145047,sqlite3WhereIsDistinct
FN:145053,145055,sqlite3WhereIsOrdered
FN:145080,145090,sqlite3WhereOrderByLimitOptLabel
FN:145096,145099,sqlite3WhereContinueLabel
FN:145105,145107,sqlite3WhereBreakLabel
FN:145126,145136,sqlite3WhereOkOnePass
FN:145142,145144,sqlite3WhereUsesDeferredSeek
FN:145149,145152,whereOrMove
FN:145161,145192,whereOrInsert
FN:145198,145207,sqlite3WhereGetMask
FN:145217,145220,createMask
FN:145227,145307,whereScanNext
FN:145315,145318,whereScanInitIndexExpr
FN:145339,145376,whereScanInit
FN:145403,145428,sqlite3WhereFindTerm
FN:145437,145461,findIndexCol
FN:145466,145480,indexColumnNotNull
FN:145489,145544,isDistinctRedundant
FN:145550,145552,estLog
FN:145566,145595,translateColumnToCopy
FN:145648,145671,termCanDriveIndex
FN:145681,145879,constructAutomaticIndex
FN:145888,146025,allocateIndexInfo
FN:146043,146063,vtabBestIndex
FN:146272,146282,whereRangeAdjust
FN:146448,146609,whereRangeScanEst
FN:146839,146844,whereLoopInit
FN:146849,146861,whereLoopClearUnion
FN:146866,146870,whereLoopClear
FN:146875,146886,whereLoopResize
FN:146891,146905,whereLoopXfer
FN:146910,146913,whereLoopDelete
FN:146918,146935,whereInfoFree
FN:146955,146980,whereLoopCheaperProperSubset
FN:146996,147017,whereLoopAdjustCost
FN:147033,147095,whereLoopFindLesser
FN:147121,147227,whereLoopInsert
FN:147258,147309,whereLoopOutputAdjust
FN:147328,147375,whereRangeVectorLen
FN:147399,147774,whereLoopAddBtreeIndex
FN:147784,147812,indexMightHelpWithOrderBy
FN:147817,147842,whereUsablePartialIndex
FN:147880,148113,whereLoopAddBtree
FN:148137,148288,whereLoopAddVirtualOne
FN:148297,148310,sqlite3_vtab_collation
FN:148337,148453,whereLoopAddVirtual
FN:148460,148579,whereLoopAddOr
FN:148584,148643,whereLoopAddAll
FN:148662,148968,wherePathSatisfiesOrderBy
FN:148994,148998,sqlite3WhereIsSorted
FN:149017,149048,whereSortingCost
FN:149062,149436,wherePathSolver
FN:149449,149526,whereShortCut
FN:149531,149537,exprNodeIsDeterministic
FN:149544,149552,exprIsDeterministic
FN:149664,150232,sqlite3WhereBegin
FN:150258,150525,sqlite3WhereEnd
FN:150675,150684,row_numberStepFunc
FN:150685,150688,row_numberValueFunc
FN:150706,150716,dense_rankStepFunc
FN:150717,150727,dense_rankValueFunc
FN:150738,150778,nth_valueStepFunc
FN:150779,150787,nth_valueFinalizeFunc
FN:150791,150806,first_valueStepFunc
FN:150807,150815,first_valueFinalizeFunc
FN:150825,150840,rankStepFunc
FN:150841,150848,rankValueFunc
FN:150856,150868,percent_rankStepFunc
FN:150869,150879,percent_rankInvFunc
FN:150880,150892,percent_rankValueFunc
FN:150901,150913,cume_distStepFunc
FN:150914,150924,cume_distInvFunc
FN:150925,150932,cume_distValueFunc
FN:150950,150969,ntileStepFunc
FN:150970,150980,ntileInvFunc
FN:150981,151002,ntileValueFunc
FN:151016,151033,last_valueStepFunc
FN:151034,151050,last_valueInvFunc
FN:151051,151057,last_valueValueFunc
FN:151058,151066,last_valueFinalizeFunc
FN:151097,151106,noopStepFunc
FN:151107,151107,noopValueFunc
FN:151138,151157,sqlite3WindowFunctions
FN:151159,151168,windowFind
FN:151187,151256,sqlite3WindowUpdate
FN:151276,151354,selectWindowRewriteExprCb
FN:151355,151366,selectWindowRewriteSelectCb
FN:151382,151410,selectWindowRewriteEList
FN:151416,151445,exprListAppendList
FN:151455,151462,sqlite3WindowExtraAggFuncDepth
FN:151471,151613,sqlite3WindowRewrite
FN:151619,151625,sqlite3WindowUnlinkFromSelect
FN:151630,151642,sqlite3WindowDelete
FN:151647,151653,sqlite3WindowListDelete
FN:151662,151669,sqlite3WindowOffsetExpr
FN:151674,151739,sqlite3WindowAlloc
FN:151746,151764,sqlite3WindowAssemble
FN:151773,151802,sqlite3WindowChain
FN:151807,151822,sqlite3WindowAttach
FN:151830,151841,sqlite3WindowLink
FN:151848,151869,sqlite3WindowCompare
FN:151877,151946,sqlite3WindowCodeInit
FN:151961,152001,windowCheckValue
FN:152007,152010,windowArgCount
FN:152096,152112,windowReadPeerValues
FN:152133,152232,windowAggStep
FN:152247,152278,windowAggFinal
FN:152286,152377,windowFullScan
FN:152392,152460,windowReturnOneRow
FN:152468,152494,windowInitAccum
FN:152500,152514,windowCacheFrame
FN:152526,152547,windowIfNewPeer
FN:152572,152689,windowCodeRangeTest
FN:152697,152830,windowCodeOp
FN:152838,152865,sqlite3WindowDup
FN:152871,152883,sqlite3WindowListDup
FN:152893,152903,windowExprGtZero
FN:153240,153564,sqlite3WindowCodeStep
FN:153653,153657,disableLookaside
FN:153665,153681,parserDoubleLinkSelect
FN:153688,153718,tokenExpr
FN:153723,153730,binaryToUnaryIfNull
FN:153737,153753,parserAddExprIdListTerm
FN:155550,155574,sqlite3ParserInit
FN:155608,155724,yy_destructor
FN:155732,155745,yy_pop_parser_stack
FN:155750,155756,sqlite3ParserFinalize
FN:155830,155889,yy_find_shift_action
FN:155895,155919,yy_find_reduce_action
FN:155924,155941,yyStackOverflow
FN:155967,156004,yy_shift
FN:156798,158319,yy_reduce
FN:158348,158367,yy_syntax_error
FN:158372,158392,yy_accept
FN:158413,158581,sqlite3Parser
FN:158587,158595,sqlite3ParserFallback
FN:159035,159206,keywordCode
FN:159207,159211,sqlite3KeywordCode
FN:159213,159218,sqlite3_keyword_name
FN:159219,159219,sqlite3_keyword_count
FN:159220,159222,sqlite3_keyword_check
FN:159267,159267,sqlite3IsIdChar
FN:159274,159291,getToken
FN:159323,159330,analyzeWindowKeyword
FN:159331,159337,analyzeOverKeyword
FN:159338,159343,analyzeFilterKeyword
FN:159350,159625,sqlite3GetToken
FN:159634,159808,sqlite3RunParser
FN:160050,160207,sqlite3_complete
FN:160215,160234,sqlite3_complete16
FN:160368,160371,sqlite3TestExtInit
FN:160445,160445,sqlite3_libversion
FN:160458,160458,sqlite3_libversion_number
FN:160464,160464,sqlite3_threadsafe
FN:160537,160702,sqlite3_initialize
FN:160712,160755,sqlite3_shutdown
FN:160766,161071,sqlite3_config
FN:161084,161179,setupLookaside
FN:161184,161192,sqlite3_db_mutex
FN:161198,161216,sqlite3_db_release_memory
FN:161222,161246,sqlite3_db_cacheflush
FN:161251,161320,sqlite3_db_config
FN:161326,161343,binCollFunc
FN:161349,161359,rtrimCollFunc
FN:161364,161367,sqlite3IsBinary
FN:161378,161390,nocaseCollatingFunc
FN:161395,161403,sqlite3_last_insert_rowid
FN:161408,161418,sqlite3_set_last_insert_rowid
FN:161423,161431,sqlite3_changes
FN:161436,161444,sqlite3_total_changes
FN:161451,161460,sqlite3CloseSavepoints
FN:161468,161477,functionDestroy
FN:161483,161508,disconnectAllVtab
FN:161514,161523,connectionIsBusy
FN:161528,161576,sqlite3Close
FN:161587,161587,sqlite3_close
FN:161588,161588,sqlite3_close_v2
FN:161599,161710,sqlite3LeaveMutexAndCloseZombie
FN:161719,161762,sqlite3RollbackAll
FN:161880,161939,sqlite3ErrStr
FN:161950,161991,sqliteDefaultBusyCallback
FN:162002,162012,sqlite3InvokeBusyHandler
FN:162018,162033,sqlite3_busy_handler
FN:162041,162064,sqlite3_progress_handler
FN:162072,162084,sqlite3_busy_timeout
FN:162089,162097,sqlite3_interrupt
FN:162106,162217,sqlite3CreateFunc
FN:162226,162272,createFunctionApi
FN:162277,162289,sqlite3_create_function
FN:162290,162303,sqlite3_create_function_v2
FN:162304,162318,sqlite3_create_window_function
FN:162321,162345,sqlite3_create_function16
FN:162357,162369,sqlite3InvalidFunction
FN:162383,162404,sqlite3_overload_function
FN:162416,162432,sqlite3_trace
FN:162437,162456,sqlite3_trace_v2
FN:162467,162488,sqlite3_profile
FN:162497,162516,sqlite3_commit_hook
FN:162522,162541,sqlite3_update_hook
FN:162547,162566,sqlite3_rollback_hook
FN:162596,162608,sqlite3WalDefaultHook
FN:162622,162637,sqlite3_wal_autocheckpoint
FN:162643,162665,sqlite3_wal_hook
FN:162670,162724,sqlite3_wal_checkpoint_v2
FN:162732,162736,sqlite3_wal_checkpoint
FN:162759,162781,sqlite3Checkpoint
FN:162803,162818,sqlite3TempInMemory
FN:162824,162845,sqlite3_errmsg
FN:162852,162887,sqlite3_errmsg16
FN:162894,162902,sqlite3_errcode
FN:162903,162911,sqlite3_extended_errcode
FN:162912,162914,sqlite3_system_errno
FN:162921,162923,sqlite3_errstr
FN:162929,162998,createCollation
FN:163069,163111,sqlite3_limit
FN:163139,163370,sqlite3ParseUri
FN:163376,163385,uriParameter
FN:163394,163715,openDatabase
FN:163721,163727,sqlite3_open
FN:163728,163735,sqlite3_open_v2
FN:163741,163774,sqlite3_open16
FN:163780,163788,sqlite3_create_collation
FN:163793,163812,sqlite3_create_collation_v2
FN:163818,163841,sqlite3_create_collation16
FN:163848,163862,sqlite3_collation_needed
FN:163869,163883,sqlite3_collation_needed16
FN:163891,163893,sqlite3_global_recover
FN:163902,163910,sqlite3_get_autocommit
FN:163923,163927,sqlite3ReportError
FN:163928,163931,sqlite3CorruptError
FN:163932,163935,sqlite3MisuseError
FN:163936,163939,sqlite3CantopenError
FN:163967,163968,sqlite3_thread_cleanup
FN:163975,164088,sqlite3_table_column_metadata
FN:164093,164104,sqlite3_sleep
FN:164109,164117,sqlite3_extended_result_codes
FN:164122,164165,sqlite3_file_control
FN:164170,164540,sqlite3_test_control
FN:164550,164555,databaseName
FN:164561,164565,appendText
FN:164576,164605,sqlite3_create_filename
FN:164612,164616,sqlite3_free_filename
FN:164630,164634,sqlite3_uri_parameter
FN:164639,164648,sqlite3_uri_key
FN:164653,164657,sqlite3_uri_boolean
FN:164662,164673,sqlite3_uri_int64
FN:164685,164687,sqlite3_filename_database
FN:164688,164696,sqlite3_filename_journal
FN:164697,164705,sqlite3_filename_wal
FN:164710,164713,sqlite3DbNameToBtree
FN:164719,164729,sqlite3_db_filename
FN:164735,164745,sqlite3_db_readonly
FN:164888,164915,sqlite3_compileoption_used
FN:164921,164929,sqlite3_compileoption_get
FN:21342,21349,sqlite3StatusValue
FN:21362,21372,sqlite3StatusUp
FN:21373,21381,sqlite3StatusDown
FN:21387,21402,sqlite3StatusHighwater
FN:21407,21431,sqlite3_status64
FN:21432,21444,sqlite3_status
FN:21449,21456,countLookasideSlots
FN:21461,21470,sqlite3LookasideUsed
FN:21475,21666,sqlite3_db_status
FN:21779,21815,getDigits
FN:21833,21860,parseTimezone
FN:21869,21904,parseHhMmSs
FN:21909,21912,datetimeError
FN:21920,21956,computeJD
FN:21970,22000,parseYyyyMmDd
FN:22007,22015,setDateTimeToCurrent
FN:22023,22030,setRawDateNumber
FN:22048,22065,parseDateOrTime
FN:22081,22083,validJulianDay
FN:22088,22112,computeYMD
FN:22117,22131,computeHMS
FN:22136,22139,computeYMD_HMS
FN:22144,22148,clearYMD_HMS_TZ
FN:22182,22208,osLocaltime
FN:22221,22275,localtimeOffset
FN:22325,22531,parseModifier
FN:22542,22572,isDate
FN:22585,22595,juliandayFunc
FN:22602,22615,datetimeFunc
FN:22622,22634,timeFunc
FN:22641,22653,dateFunc
FN:22674,22805,strftimeFunc
FN:22812,22819,ctimeFunc
FN:22826,22833,cdateFunc
FN:22840,22847,ctimestampFunc
FN:22900,22918,sqlite3RegisterDateTimeFunctions
FN:229786,229786,sqlite3_sourceid
FN:23003,23008,sqlite3OsClose
FN:23009,23012,sqlite3OsRead
FN:23013,23016,sqlite3OsWrite
FN:23017,23019,sqlite3OsTruncate
FN:23020,23023,sqlite3OsSync
FN:23024,23027,sqlite3OsFileSize
FN:23028,23031,sqlite3OsLock
FN:23032,23034,sqlite3OsUnlock
FN:23035,23038,sqlite3OsCheckReservedLock
FN:23048,23068,sqlite3OsFileControl
FN:23069,23071,sqlite3OsFileControlHint
FN:23073,23076,sqlite3OsSectorSize
FN:23077,23079,sqlite3OsDeviceCharacteristics
FN:23081,23083,sqlite3OsShmLock
FN:23084,23086,sqlite3OsShmBarrier
FN:23087,23089,sqlite3OsShmUnmap
FN:23090,23099,sqlite3OsShmMap
FN:23104,23107,sqlite3OsFetch
FN:23108,23110,sqlite3OsUnfetch
FN:23126,23142,sqlite3OsOpen
FN:23143,23147,sqlite3OsDelete
FN:23148,23156,sqlite3OsAccess
FN:23157,23166,sqlite3OsFullPathname
FN:23168,23170,sqlite3OsDlOpen
FN:23171,23173,sqlite3OsDlError
FN:23174,23176,sqlite3OsDlSym
FN:23177,23179,sqlite3OsDlClose
FN:23181,23191,sqlite3OsRandomness
FN:23192,23194,sqlite3OsSleep
FN:23195,23197,sqlite3OsGetLastError
FN:23198,23214,sqlite3OsCurrentTimeInt64
FN:23216,23237,sqlite3OsOpenMalloc
FN:23238,23242,sqlite3OsCloseFree
FN:23250,23255,sqlite3OsInit
FN:23267,23286,sqlite3_vfs_find
FN:23291,23306,vfsUnlink
FN:23313,23336,sqlite3_vfs_register
FN:23341,23352,sqlite3_vfs_unregister
FN:23415,23422,sqlite3BenignMallocHooks
FN:23429,23434,sqlite3BeginBenignMalloc
FN:23435,23440,sqlite3EndBenignMalloc
FN:23635,23659,sqlite3MemMalloc
FN:23669,23678,sqlite3MemFree
FN:23684,23695,sqlite3MemSize
FN:23707,23734,sqlite3MemRealloc
FN:23739,23741,sqlite3MemRoundup
FN:23746,23768,sqlite3MemInit
FN:23773,23776,sqlite3MemShutdown
FN:23784,23796,sqlite3MemSetDefault
FN:25820,25860,sqlite3MutexInit
FN:25866,25877,sqlite3MutexEnd
FN:25882,25889,sqlite3_mutex_alloc
FN:25891,25898,sqlite3MutexAlloc
FN:25903,25908,sqlite3_mutex_free
FN:25914,25919,sqlite3_mutex_enter
FN:25925,25932,sqlite3_mutex_try
FN:25940,25945,sqlite3_mutex_leave
FN:26003,26003,noopMutexInit
FN:26004,26004,noopMutexEnd
FN:26005,26008,noopMutexAlloc
FN:26009,26009,noopMutexFree
FN:26010,26010,noopMutexEnter
FN:26011,26014,noopMutexTry
FN:26015,26015,noopMutexLeave
FN:26017,26032,sqlite3NoopMutex
FN:26274,26280,sqlite3MemoryBarrier
FN:26285,26285,pthreadMutexInit
FN:26286,26286,pthreadMutexEnd
FN:26336,26399,pthreadMutexAlloc
FN:26407,26421,pthreadMutexFree
FN:26434,26475,pthreadMutexEnter
FN:26476,26525,pthreadMutexTry
FN:26533,26554,pthreadMutexLeave
FN:26556,26575,sqlite3DefaultMutex
FN:27295,27305,sqlite3_release_memory
FN:27334,27336,sqlite3MallocMutex
FN:27344,27353,sqlite3_memory_alarm
FN:27367,27391,sqlite3_soft_heap_limit64
FN:27392,27395,sqlite3_soft_heap_limit
FN:27409,27425,sqlite3_hard_heap_limit64
FN:27431,27446,sqlite3MallocInit
FN:27453,27455,sqlite3HeapNearlyFull
FN:27460,27465,sqlite3MallocEnd
FN:27470,27474,sqlite3_memory_used
FN:27481,27485,sqlite3_memory_highwater
FN:27490,27495,sqlite3MallocAlarm
FN:27501,27544,mallocWithAlarm
FN:27550,27568,sqlite3Malloc
FN:27575,27580,sqlite3_malloc
FN:27581,27586,sqlite3_malloc64
FN:27592,27594,isLookaside
FN:27603,27606,sqlite3MallocSize
FN:27607,27613,lookasideMallocSize
FN:27614,27642,sqlite3DbMallocSize
FN:27643,27647,sqlite3_msize
FN:27652,27665,sqlite3_free
FN:27671,27673,measureAllocationSize
FN:27680,27716,sqlite3DbFreeNN
FN:27717,27720,sqlite3DbFree
FN:27725,27773,sqlite3Realloc
FN:27779,27785,sqlite3_realloc
FN:27786,27791,sqlite3_realloc64
FN:27797,27803,sqlite3MallocZero
FN:27809,27815,sqlite3DbMallocZero
FN:27821,27829,dbMallocRawFinish
FN:27853,27859,sqlite3DbMallocRaw
FN:27860,27907,sqlite3DbMallocRawNN
FN:27916,27931,sqlite3DbRealloc
FN:27932,27956,dbReallocFinish
FN:27962,27969,sqlite3DbReallocOrFree
FN:27978,27990,sqlite3DbStrDup
FN:27991,28004,sqlite3DbStrNDup
FN:28011,28017,sqlite3DbSpanDup
FN:28022,28025,sqlite3SetString
FN:28033,28044,sqlite3OomFault
FN:28053,28060,sqlite3OomClear
FN:28065,28069,apiOomError
FN:28083,28094,sqlite3ApiExit
FN:28223,28233,et_getdigit
FN:28239,28244,setStrAccumError
FN:28249,28252,getIntArg
FN:28253,28256,getDoubleArg
FN:28257,28260,getTextArg
FN:28271,28283,printfTempBuf
FN:28304,28999,sqlite3_str_vappendf
FN:29008,29053,sqlite3StrAccumEnlarge
FN:29058,29064,sqlite3_str_appendchar
FN:29074,29080,enlargeAndAppend
FN:29086,29098,sqlite3_str_append
FN:29103,29105,sqlite3_str_appendall
FN:29113,29125,strAccumFinishRealloc
FN:29126,29134,sqlite3StrAccumFinish
FN:29148,29157,sqlite3_str_finish
FN:29160,29162,sqlite3_str_errcode
FN:29165,29167,sqlite3_str_length
FN:29170,29174,sqlite3_str_value
FN:29179,29187,sqlite3_str_reset
FN:29203,29211,sqlite3StrAccumInit
FN:29214,29223,sqlite3_str_new
FN:29229,29243,sqlite3VMPrintf
FN:29249,29256,sqlite3MPrintf
FN:29262,29280,sqlite3_vmprintf
FN:29286,29296,sqlite3_mprintf
FN:29311,29325,sqlite3_vsnprintf
FN:29326,29333,sqlite3_snprintf
FN:29349,29357,renderLogMsg
FN:29362,29369,sqlite3_log
FN:29403,29408,sqlite3_str_appendf
FN:30223,30297,sqlite3_randomness
FN:30310,30316,sqlite3PrngSaveState
FN:30317,30323,sqlite3PrngRestoreState
FN:30378,30412,sqlite3ThreadCreate
FN:30415,30428,sqlite3ThreadJoin
FN:30750,30769,sqlite3Utf8Read
FN:30786,30968,sqlite3VdbeMemTranslate
FN:30981,31009,sqlite3VdbeMemHandleBom
FN:31019,31034,sqlite3Utf8CharLen
FN:31073,31087,sqlite3Utf16to8
FN:31094,31108,sqlite3Utf16ByteLen
FN:31196,31199,sqlite3FaultSim
FN:31206,31210,sqlite3IsNaN
FN:31221,31224,sqlite3Strlen30
FN:31233,31236,sqlite3ColumnType
FN:31243,31246,sqlite3ErrorFinish
FN:31253,31257,sqlite3Error
FN:31263,31269,sqlite3SystemError
FN:31292,31306,sqlite3ErrorWithMsg
FN:31325,31341,sqlite3ErrorMsg
FN:31348,31354,sqlite3ErrorToParser
FN:31373,31394,sqlite3Dequote
FN:31395,31399,sqlite3DequoteExpr
FN:31404,31407,sqlite3TokenInit
FN:31422,31429,sqlite3_stricmp
FN:31430,31448,sqlite3StrICmp
FN:31449,31460,sqlite3_strnicmp
FN:31465,31473,sqlite3StrIHash
FN:31481,31512,sqlite3Pow10
FN:31546,31735,sqlite3AtoF
FN:31754,31769,compare2pow63
FN:31787,31875,sqlite3Atoi64
FN:31889,31907,sqlite3DecOrHexToI64
FN:31919,31972,sqlite3GetInt32
FN:31978,31982,sqlite3Atoi
FN:32013,32036,putVarint64
FN:32037,32048,sqlite3PutVarint
FN:32067,32215,sqlite3GetVarint
FN:32228,32345,sqlite3GetVarint32
FN:32351,32355,sqlite3VarintLen
FN:32361,32378,sqlite3Get4byte
FN:32379,32394,sqlite3Put4byte
FN:32403,32412,sqlite3HexToInt
FN:32421,32434,sqlite3HexToBlob
FN:32442,32447,logBadConnection
FN:32463,32479,sqlite3SafetyCheckOk
FN:32480,32492,sqlite3SafetyCheckSickOrOk
FN:32500,32519,sqlite3AddInt64
FN:32520,32534,sqlite3SubInt64
FN:32535,32555,sqlite3MulInt64
FN:32561,32565,sqlite3AbsInt32
FN:32604,32625,sqlite3LogEstAdd
FN:32631,32648,sqlite3LogEst
FN:32655,32664,sqlite3LogEstFromDouble
FN:32730,32761,sqlite3VListAdd
FN:32768,32778,sqlite3VListNumToName
FN:32784,32795,sqlite3VListNameToNum
FN:32821,32827,sqlite3HashInit
FN:32833,32848,sqlite3HashClear
FN:32853,32864,strHash
FN:32870,32895,insertElement
FN:32904,32938,rehash
FN:32945,32975,findElementWithHash
FN:32980,33009,removeElementGivenHash
FN:33015,33019,sqlite3HashFind
FN:33035,33067,sqlite3HashInsert
FN:33081,33261,sqlite3OpcodeName
FN:33832,33834,posixOpen
FN:34020,34026,robustFchown
FN:34034,34070,unixSetSystemCall
FN:34077,34088,unixGetSystemCall
FN:34096,34109,unixNextSystemCall
FN:34137,34172,robust_open
FN:34200,34203,unixEnterMutex
FN:34204,34207,unixLeaveMutex
FN:34300,34313,robust_ftruncate
FN:34325,34347,sqliteErrorFromPosixError
FN:34684,34734,unixLogErrorAtLine
FN:34749,34754,robust_close
FN:34760,34762,storeLastErrno
FN:34767,34778,closePendingFds
FN:34786,34812,releaseInodeInfo
FN:34823,34910,findInodeInfo
FN:34915,34924,fileHasMoved
FN:34936,34960,verifyDbFile
FN:34969,35008,unixCheckReservedLock
FN:35067,35091,unixFileLock
FN:35117,35338,unixLock
FN:35344,35352,setPendingFd
FN:35367,35518,posixUnlock
FN:35527,35532,unixUnlock
FN:35549,35579,closeUnixFile
FN:35584,35613,unixClose
FN:35635,35639,nolockCheckReservedLock
FN:35640,35643,nolockLock
FN:35644,35647,nolockUnlock
FN:35652,35654,nolockClose
FN:35697,35709,dotlockCheckReservedLock
FN:35738,35777,dotlockLock
FN:35788,35826,dotlockUnlock
FN:35831,35837,dotlockClose
FN:36745,36787,seekAndRead
FN:36794,36844,unixRead
FN:36853,36889,seekAndWriteFd
FN:36899,36901,seekAndWrite
FN:36908,36986,unixWrite
FN:37043,37114,full_fsync
FN:37139,37159,openDirectory
FN:37176,37221,unixSync
FN:37226,37271,unixTruncate
FN:37276,37298,unixFileSize
FN:37314,37375,fcntlSizeHint
FN:37383,37391,unixModeBit
FN:37399,37513,unixFileControl
FN:37525,37546,setDeviceCharacteristics
FN:37632,37636,unixSectorSize
FN:37651,37655,unixDeviceCharacteristics
FN:37665,37673,unixGetpagesize
FN:37761,37835,unixShmSystemLock
FN:37846,37852,unixShmRegionPerMap
FN:37860,37883,unixShmPurge
FN:37894,37946,unixLockSharedMemory
FN:37983,38104,unixOpenSharedMemory
FN:38125,38258,unixShmMap
FN:38268,38391,unixShmLock
FN:38399,38409,unixShmBarrier
FN:38418,38461,unixShmUnmap
FN:38475,38483,unixUnmapfile
FN:38500,38574,unixRemapfile
FN:38592,38614,unixMapfile
FN:38629,38648,unixFetch
FN:38660,38686,unixUnfetch
FN:38762,38762,posixIoFinderImpl
FN:38772,38772,nolockIoFinderImpl
FN:38782,38782,dotlockIoFinderImpl
FN:38990,39160,fillInUnixFile
FN:39166,39193,unixTempFileDir
FN:39200,39223,unixGetTempname
FN:39250,39295,findReusableFd
FN:39300,39316,getFileMode
FN:39339,39392,findCreateFileMode
FN:39416,39683,unixOpen
FN:39690,39726,unixDelete
FN:39738,39760,unixAccess
FN:39765,39787,mkFullPathname
FN:39798,39881,unixFullPathname
FN:39890,39893,unixDlOpen
FN:39902,39911,unixDlError
FN:39912,39934,unixDlSym
FN:39935,39938,unixDlClose
FN:39949,39985,unixRandomness
FN:39996,40015,unixSleep
FN:40036,40060,unixCurrentTimeInt64
FN:40068,40075,unixCurrentTime
FN:40086,40091,unixGetLastError
FN:41291,41382,sqlite3_os_init
FN:41391,41394,sqlite3_os_end
FN:48492,48500,sqlite3BitvecCreate
FN:48507,48529,sqlite3BitvecTestNotNull
FN:48530,48532,sqlite3BitvecTest
FN:48546,48609,sqlite3BitvecSet
FN:48617,48649,sqlite3BitvecClear
FN:48654,48663,sqlite3BitvecDestroy
FN:48669,48671,sqlite3BitvecSize
FN:48714,48787,sqlite3BitvecBuiltinTest
FN:48949,49013,pcacheManageDirtyList
FN:49019,49025,pcacheUnpin
FN:49031,49043,numberOfCachePages
FN:49050,49059,sqlite3PcacheInitialize
FN:49060,49065,sqlite3PcacheShutdown
FN:49070,49070,sqlite3PcacheSize
FN:49084,49104,sqlite3PcacheOpen
FN:49110,49128,sqlite3PcacheSetPageSize
FN:49154,49182,sqlite3PcacheFetch
FN:49195,49240,sqlite3PcacheFetchStress
FN:49251,49269,pcacheFetchFinishWithInit
FN:49277,49294,sqlite3PcacheFetchFinish
FN:49300,49310,sqlite3PcacheRelease
FN:49315,49320,sqlite3PcacheRef
FN:49327,49335,sqlite3PcacheDrop
FN:49341,49354,sqlite3PcacheMakeDirty
FN:49360,49372,sqlite3PcacheMakeClean
FN:49377,49383,sqlite3PcacheCleanAll
FN:49388,49395,sqlite3PcacheClearWritable
FN:49400,49406,sqlite3PcacheClearSyncFlags
FN:49411,49422,sqlite3PcacheMove
FN:49433,49461,sqlite3PcacheTruncate
FN:49466,49470,sqlite3PcacheClose
FN:49475,49477,sqlite3PcacheClear
FN:49483,49507,pcacheMergeDirtyList
FN:49520,49550,pcacheSortDirtyList
FN:49555,49561,sqlite3PcacheDirtyList
FN:49569,49571,sqlite3PcacheRefCount
FN:49576,49578,sqlite3PcachePageRefcount
FN:49583,49586,sqlite3PcachePagecount
FN:49600,49605,sqlite3PcacheSetCachesize
FN:49612,49624,sqlite3PcacheSetSpillsize
FN:49629,49632,sqlite3PcacheShrink
FN:49638,49638,sqlite3HeaderSizePcache
FN:49644,49650,sqlite3PCachePercentDirty
FN:49940,49960,sqlite3PCacheBufferSetup
FN:49966,49998,pcache1InitBulk
FN:50009,50042,pcache1Alloc
FN:50047,50074,pcache1Free
FN:50097,50143,pcache1AllocPage
FN:50148,50163,pcache1FreePage
FN:50170,50173,sqlite3PageMalloc
FN:50178,50180,sqlite3PageFree
FN:50199,50205,pcache1UnderMemoryPressure
FN:50216,50248,pcache1ResizeHash
FN:50257,50272,pcache1PinPage
FN:50282,50294,pcache1RemoveFromHash
FN:50300,50316,pcache1EnforceMaxPage
FN:50325,50368,pcache1TruncateUnsafe
FN:50376,50422,pcache1Init
FN:50429,50433,pcache1Shutdown
FN:50443,50486,pcache1Create
FN:50493,50505,pcache1Cachesize
FN:50512,50524,pcache1Shrink
FN:50529,50536,pcache1Pagecount
FN:50547,50614,pcache1FetchStage2
FN:50675,50703,pcache1FetchNoMutex
FN:50720,50743,pcache1Fetch
FN:50751,50781,pcache1Unpin
FN:50786,50817,pcache1Rekey
FN:50826,50834,pcache1Truncate
FN:50841,50857,pcache1Destroy
FN:50864,50881,sqlite3PCacheSetDefault
FN:50886,50886,sqlite3HeaderSizePcache1
FN:50892,50894,sqlite3Pcache1Mutex
FN:51086,51101,sqlite3RowSetInit
FN:51108,51121,sqlite3RowSetClear
FN:51128,51131,sqlite3RowSetDelete
FN:51141,51158,rowSetEntryAlloc
FN:51166,51189,sqlite3RowSetInsert
FN:51197,51226,rowSetEntryMerge
FN:51232,51253,rowSetEntrySort
FN:51261,51280,rowSetTreeToList
FN:51296,51326,rowSetNDeepTree
FN:51332,51349,rowSetListToTree
FN:51364,51388,sqlite3RowSetNext
FN:51398,51458,sqlite3RowSetTest
FN:52669,52679,setGetterMethod
FN:52690,52702,subjRequiresPage
FN:52720,52727,read32bits
FN:52739,52743,write32bits
FN:52754,52770,pagerUnlockDb
FN:52782,52794,pagerLockDb
FN:52815,52850,jrnlBufferSize
FN:52920,52959,readMasterJournal
FN:52976,52986,journalHdrOffset
FN:53009,53042,zeroJournalHdr
FN:53059,53158,writeJournalHdr
FN:53177,53280,readJournalHdr
FN:53302,53365,writeMasterJournal
FN:53370,53374,pager_reset
FN:53379,53381,sqlite3PagerDataVersion
FN:53388,53400,releaseAllSavepoints
FN:53407,53420,addToSavepointBitvecs
FN:53439,53515,pager_unlock
FN:53536,53550,pager_error
FN:53570,53575,pagerFlushOnCommit
FN:53630,53758,pager_end_transaction
FN:53777,53790,pagerUnlockAndRollback
FN:53811,53819,pager_cksum
FN:53858,54060,pager_playback_one_page
FN:54105,54196,pager_delmaster
FN:54219,54249,pager_truncate
FN:54255,54264,sqlite3SectorSize
FN:54289,54303,setSectorSize
FN:54362,54558,pager_playback
FN:54573,54626,readDbPage
FN:54636,54648,pager_write_changecounter
FN:54663,54693,pagerUndoCallback
FN:54698,54719,pagerRollbackWal
FN:54730,54787,pagerWalFrames
FN:54797,54818,pagerBeginReadTransaction
FN:54830,54869,pagerPagecount
FN:54890,54918,pagerOpenWalIfPresent
FN:54957,55063,pagerPlaybackSavepoint
FN:55069,55071,sqlite3PagerSetCachesize
FN:55077,55079,sqlite3PagerSetSpillsize
FN:55084,55095,pagerFixMaplimit
FN:55100,55103,sqlite3PagerSetMmapLimit
FN:55108,55110,sqlite3PagerShrink
FN:55164,55197,sqlite3PagerSetFlags
FN:55224,55240,pagerOpentemp
FN:55263,55275,sqlite3PagerSetBusyHandler
FN:55307,55365,sqlite3PagerSetPagesize
FN:55375,55377,sqlite3PagerTempSpace
FN:55386,55396,sqlite3PagerMaxPageCount
FN:55436,55455,sqlite3PagerReadFileheader
FN:55464,55468,sqlite3PagerPagecount
FN:55485,55502,pager_wait_on_lock
FN:55549,55563,sqlite3PagerTruncateImage
FN:55580,55589,pagerSyncHotJournal
FN:55602,55639,pagerAcquireMapPage
FN:55646,55654,pagerReleaseMapPage
FN:55659,55666,pagerFreeMapHdrs
FN:55673,55690,databaseIsUnmoved
FN:55707,55762,sqlite3PagerClose
FN:55776,55778,sqlite3PagerRef
FN:55815,55924,syncJournal
FN:55958,56039,pager_write_pagelist
FN:56049,56062,openSubJournal
FN:56075,56110,subjournalPage
FN:56111,56117,subjournalPageIfRequired
FN:56138,56210,pagerStress
FN:56215,56230,sqlite3PagerFlush
FN:56264,56628,sqlite3PagerOpen
FN:56635,56642,sqlite3_database_file_object
FN:56676,56767,hasHotJournal
FN:56796,57003,sqlite3PagerSharedLock
FN:57013,57018,pagerUnlockIfUnused
FN:57077,57175,getPageNormal
FN:57179,57244,getPageMMap
FN:57248,57259,getPageError
FN:57264,57271,sqlite3PagerGet
FN:57284,57293,sqlite3PagerLookup
FN:57307,57318,sqlite3PagerUnrefNotNull
FN:57319,57321,sqlite3PagerUnref
FN:57322,57330,sqlite3PagerUnrefPageOne
FN:57354,57424,pager_open_journal
FN:57443,57507,sqlite3PagerBegin
FN:57512,57560,pagerAddPageToRollbackJournal
FN:57569,57648,pager_write
FN:57661,57739,pagerWriteLargeSector
FN:57755,57771,sqlite3PagerWrite
FN:57804,57814,sqlite3PagerDontWrite
FN:57838,57912,pager_incr_changecounter
FN:57921,57931,sqlite3PagerSync
FN:57944,57958,sqlite3PagerExclusiveLock
FN:57986,58198,sqlite3PagerCommitPhaseOne
FN:58216,58254,sqlite3PagerCommitPhaseTwo
FN:58282,58326,sqlite3PagerRollback
FN:58332,58334,sqlite3PagerIsreadonly
FN:58349,58355,sqlite3PagerMemUsed
FN:58360,58362,sqlite3PagerPageRefcount
FN:58396,58414,sqlite3PagerCacheStat
FN:58419,58421,sqlite3PagerIsMemdb
FN:58433,58477,pagerOpenSavepoint
FN:58478,58487,sqlite3PagerOpenSavepoint
FN:58520,58584,sqlite3PagerSavepoint
FN:58599,58602,sqlite3PagerFilename
FN:58607,58609,sqlite3PagerVfs
FN:58616,58618,sqlite3PagerFile
FN:58624,58630,sqlite3PagerJrnlFile
FN:58635,58637,sqlite3PagerJournalname
FN:58665,58794,sqlite3PagerMovepage
FN:58803,58807,sqlite3PagerRekey
FN:58812,58815,sqlite3PagerGetData
FN:58821,58823,sqlite3PagerGetExtra
FN:58835,58846,sqlite3PagerLockingMode
FN:58868,58954,sqlite3PagerSetJournalMode
FN:58959,58961,sqlite3PagerGetJournalMode
FN:58968,58973,sqlite3PagerOkToChangeJournalMode
FN:58981,58987,sqlite3PagerJournalSizeLimit
FN:58995,58997,sqlite3PagerBackupPtr
FN:59003,59006,sqlite3PagerClearCache
FN:59018,59035,sqlite3PagerCheckpoint
FN:59037,59039,sqlite3PagerWalCallback
FN:59045,59049,sqlite3PagerWalSupported
FN:59055,59067,pagerExclusiveLock
FN:59075,59102,pagerOpenWal
FN:59120,59148,sqlite3PagerOpenWal
FN:59159,59195,sqlite3PagerCloseWal
FN:59879,59923,walIndexPageRealloc
FN:59924,59933,walIndexPage
FN:59938,59941,walCkptInfo
FN:59946,59949,walIndexHdr
FN:59972,60009,walChecksumBytes
FN:60015,60019,walShmBarrier
FN:60039,60051,walIndexWriteHdr
FN:60066,60090,walEncodeFrame
FN:60097,60144,walDecodeFrame
FN:60176,60185,walLockShared
FN:60186,60191,walUnlockShared
FN:60192,60201,walLockExclusive
FN:60202,60208,walUnlockExclusive
FN:60215,60219,walHash
FN:60220,60222,walNextHash
FN:60250,60271,walHashGet
FN:60279,60288,walFramePage
FN:60293,60299,walFramePgno
FN:60313,60368,walCleanupHash
FN:60375,60452,walIndexAppend
FN:60465,60633,walIndexRecover
FN:60638,60649,walIndexClose
FN:60666,60735,sqlite3WalOpen
FN:60740,60742,sqlite3WalLimit
FN:60754,60782,walIteratorNext
FN:60807,60845,walMerge
FN:60864,60922,walMergesort
FN:60927,60929,walIteratorFree
FN:60944,61017,walIteratorInit
FN:61108,61126,walBusyLock
FN:61132,61134,walPagesize
FN:61153,61167,walRestartHdr
FN:61200,61372,walCheckpoint
FN:61378,61390,walLimitSize
FN:61395,61457,sqlite3WalClose
FN:61476,61526,walIndexTryHdr
FN:61546,61641,walIndexReadHdr
FN:61670,61813,walBeginShmUnreliable
FN:61865,62073,walTryBeginRead
FN:62165,62267,sqlite3WalBeginReadTransaction
FN:62273,62279,sqlite3WalEndReadTransaction
FN:62289,62386,sqlite3WalFindFrame
FN:62393,62408,sqlite3WalReadFrame
FN:62413,62418,sqlite3WalDbsize
FN:62434,62476,sqlite3WalBeginWriteTransaction
FN:62482,62490,sqlite3WalEndWriteTransaction
FN:62504,62536,sqlite3WalUndo
FN:62544,62550,sqlite3WalSavepoint
FN:62558,62581,sqlite3WalSavepointUndo
FN:62595,62635,walRestartLog
FN:62658,62678,walWriteToLog
FN:62683,62699,walWriteOneFrame
FN:62709,62752,walRewriteChecksums
FN:62758,62984,sqlite3WalFrames
FN:62996,63114,sqlite3WalCheckpoint
FN:63121,63128,sqlite3WalCallback
FN:63154,63189,sqlite3WalExclusiveMode
FN:63196,63198,sqlite3WalHeapMemory
FN:63305,63307,sqlite3WalFile
FN:64054,64062,lockBtreeMutex
FN:64068,64077,unlockBtreeMutex
FN:64098,64124,sqlite3BtreeEnter
FN:64132,64164,btreeLockCarefully
FN:64170,64179,sqlite3BtreeLeave
FN:64213,64226,btreeEnterAll
FN:64227,64229,sqlite3BtreeEnterAll
FN:64230,64238,btreeLeaveAll
FN:64239,64241,sqlite3BtreeLeaveAll
FN:64325,64327,sqlite3BtreeEnterCursor
FN:64329,64331,sqlite3BtreeLeaveCursor
FN:64427,64430,sqlite3_enable_shared_cache
FN:64615,64666,querySharedCacheTableLock
FN:64687,64739,setSharedCacheTableLock
FN:64751,64790,clearAllSharedCacheTableLocks
FN:64795,64806,downgradeAllSharedCacheTableLocks
FN:64848,64854,invalidateAllOverflowCache
FN:64870,64888,invalidateIncrblobCursors
FN:64930,64943,btreeSetHasContent
FN:64952,64955,btreeGetHasContent
FN:64961,64964,btreeClearHasContent
FN:64969,64978,btreeReleaseAllCursorPages
FN:64993,65026,saveCursorKey
FN:65035,65059,saveCursorPosition
FN:65085,65095,saveAllCursors
FN:65102,65122,saveCursorsOnList
FN:65127,65132,sqlite3BtreeClearCursor
FN:65139,65168,btreeMoveto
FN:65177,65201,btreeRestoreCursorPosition
FN:65220,65226,sqlite3BtreeCursorHasMoved
FN:65233,65237,sqlite3BtreeFakeValidCursor
FN:65252,65268,sqlite3BtreeCursorRestore
FN:65284,65287,sqlite3BtreeCursorHintFlags
FN:65300,65312,ptrmapPageno
FN:65324,65374,ptrmapPut
FN:65383,65412,ptrmapGet
FN:65442,65471,btreeParseCellAdjustSizeForOverflow
FN:65487,65503,btreeParseCellPtrNoPayload
FN:65504,65571,btreeParseCellPtr
FN:65572,65608,btreeParseCellPtrIndex
FN:65609,65615,btreeParseCell
FN:65629,65676,cellSizePtr
FN:65677,65697,cellSizePtrNoPayload
FN:65715,65730,ptrmapPutOvflPtr
FN:65746,65866,defragmentPage
FN:65882,65935,pageFindSlot
FN:65950,66031,allocateSpace
FN:66046,66139,freeSpace
FN:66153,66200,decodeFlags
FN:66206,66282,btreeComputeFreeSpace
FN:66288,66318,btreeCellSizeCheck
FN:66329,66376,btreeInitPage
FN:66382,66412,zeroPage
FN:66419,66430,btreePageFromDbPage
FN:66443,66458,btreeGetPage
FN:66465,66473,btreePageLookup
FN:66479,66482,btreePagecount
FN:66483,66486,sqlite3BtreeLastPage
FN:66501,66552,getAndInitPage
FN:66560,66568,releasePageNotNull
FN:66569,66571,releasePage
FN:66572,66581,releasePageOne
FN:66592,66610,btreeGetUnusedPage
FN:66621,66638,pageReinit
FN:66643,66648,btreeInvokeBusyHandler
FN:66671,66961,sqlite3BtreeOpen
FN:66969,67001,removeFromSharingList
FN:67008,67032,allocateTempSpace
FN:67037,67043,freeTempSpace
FN:67048,67101,sqlite3BtreeClose
FN:67110,67117,sqlite3BtreeSetCacheSize
FN:67129,67137,sqlite3BtreeSetSpillSize
FN:67144,67151,sqlite3BtreeSetMmapLimit
FN:67163,67173,sqlite3BtreeSetPagerFlags
FN:67196,67222,sqlite3BtreeSetPageSize
FN:67227,67229,sqlite3BtreeGetPageSize
FN:67242,67247,sqlite3BtreeGetReserveNoMutex
FN:67258,67265,sqlite3BtreeGetRequestedReserve
FN:67273,67279,sqlite3BtreeMaxPageCount
FN:67299,67312,sqlite3BtreeSecureDelete
FN:67320,67338,sqlite3BtreeSetAutoVacuum
FN:67344,67358,sqlite3BtreeGetAutoVacuum
FN:67400,67573,lockBtree
FN:67607,67617,unlockBtreeIfUnused
FN:67624,67661,newDatabase
FN:67668,67675,sqlite3BtreeNewDb
FN:67712,67883,sqlite3BtreeBeginTrans
FN:67892,67921,setChildPtrmaps
FN:67937,67986,modifyPagePointer
FN:67998,68070,relocatePage
FN:68092,68181,incrVacuumStep
FN:68188,68204,finalDbSize
FN:68214,68245,sqlite3BtreeIncrVacuum
FN:68256,68303,autoVacuumCommit
FN:68335,68356,sqlite3BtreeCommitPhaseOne
FN:68362,68396,btreeEndTransaction
FN:68424,68451,sqlite3BtreeCommitPhaseTwo
FN:68456,68465,sqlite3BtreeCommit
FN:68493,68519,sqlite3BtreeTripAllCursors
FN:68525,68531,btreeSetNPage
FN:68544,68589,sqlite3BtreeRollback
FN:68609,68626,sqlite3BtreeBeginStmt
FN:68640,68667,sqlite3BtreeSavepoint
FN:68711,68775,btreeCursor
FN:68776,68788,btreeCursorWithLock
FN:68789,68801,sqlite3BtreeCursor
FN:68811,68813,sqlite3BtreeCursorSize
FN:68823,68825,sqlite3BtreeCursorZero
FN:68831,68857,sqlite3BtreeCloseCursor
FN:68885,68892,getCellInfo
FN:68904,68907,sqlite3BtreeCursorIsValidNN
FN:68915,68921,sqlite3BtreeIntegerKey
FN:68926,68929,sqlite3BtreeCursorPin
FN:68930,68933,sqlite3BtreeCursorUnpin
FN:68958,68963,sqlite3BtreePayloadSize
FN:68978,68982,sqlite3BtreeMaxRecordSize
FN:69003,69058,getOverflowPage
FN:69071,69090,copyPayload
FN:69121,69303,accessPayload
FN:69322,69328,sqlite3BtreePayload
FN:69336,69349,accessPayloadChecked
FN:69350,69357,sqlite3BtreePayloadChecked
FN:69379,69401,fetchPayload
FN:69418,69420,sqlite3BtreePayloadFetch
FN:69432,69449,moveToChild
FN:69481,69499,moveToParent
FN:69522,69600,moveToRoot
FN:69609,69622,moveToLeftmost
FN:69634,69651,moveToRightmost
FN:69657,69673,sqlite3BtreeFirst
FN:69679,69717,sqlite3BtreeLast
FN:69749,69990,sqlite3BtreeMovetoUnpacked
FN:70000,70006,sqlite3BtreeEof
FN:70013,70031,sqlite3BtreeRowCountEst
FN:70053,70122,btreeNext
FN:70123,70141,sqlite3BtreeNext
FN:70163,70211,btreePrevious
FN:70212,70226,sqlite3BtreePrevious
FN:70250,70558,allocateBtreePage
FN:70572,70701,freePage2
FN:70702,70706,freePage
FN:70712,70781,clearCell
FN:70795,70975,fillInCell
FN:70985,71025,dropCell
FN:71041,71131,insertCell
FN:71230,71243,populateCellCache
FN:71248,71253,computeCellSize
FN:71254,71258,cachedCellSize
FN:71273,71338,rebuildPage
FN:71364,71418,pageInsertArray
FN:71429,71472,pageFreeArray
FN:71486,71587,editPage
FN:71614,71707,balance_quick
FN:71769,71809,copyNodeContent
FN:71851,72615,balance_nonroot
FN:72637,72682,balance_deeper
FN:72695,72706,anotherValidCursor
FN:72718,72839,balance
FN:72844,72881,btreeOverwriteContent
FN:72887,72933,btreeOverwriteCell
FN:72966,73228,sqlite3BtreeInsert
FN:73247,73418,sqlite3BtreeDelete
FN:73431,73573,btreeCreateTable
FN:73574,73580,sqlite3BtreeCreateTable
FN:73586,73638,clearDatabasePage
FN:73653,73670,sqlite3BtreeClearTable
FN:73677,73679,sqlite3BtreeClearTableOfCursor
FN:73701,73785,btreeDropTable
FN:73786,73792,sqlite3BtreeDropTable
FN:73815,73839,sqlite3BtreeGetMeta
FN:73845,73867,sqlite3BtreeUpdateMeta
FN:73877,73940,sqlite3BtreeCount
FN:73946,73948,sqlite3BtreePager
FN:73954,73975,checkAppendMsg
FN:73984,73987,getPageReferenced
FN:73992,73995,setPageReferenced
FN:74006,74018,checkRef
FN:74026,74048,checkPtrmap
FN:74055,74119,checkList
FN:74144,74153,btreeHeapInsert
FN:74154,74171,btreeHeapPull
FN:74188,74441,checkTreePage
FN:74458,74587,sqlite3BtreeIntegrityCheck
FN:74597,74600,sqlite3BtreeGetFilename
FN:74610,74613,sqlite3BtreeGetJournalname
FN:74618,74621,sqlite3BtreeIsInTrans
FN:74632,74645,sqlite3BtreeCheckpoint
FN:74651,74655,sqlite3BtreeIsInReadTrans
FN:74657,74661,sqlite3BtreeIsInBackup
FN:74683,74692,sqlite3BtreeSchema
FN:74699,74707,sqlite3BtreeSchemaLocked
FN:74716,74732,sqlite3BtreeLockTable
FN:74746,74789,sqlite3BtreePutData
FN:74794,74797,sqlite3BtreeIncrblobCursor
FN:74805,74834,sqlite3BtreeSetVersion
FN:74840,74842,sqlite3BtreeCursorHasHint
FN:74847,74849,sqlite3BtreeIsReadonly
FN:74854,74854,sqlite3HeaderSizeBtree
FN:74860,74862,sqlite3BtreeSharable
FN:74869,74872,sqlite3BtreeConnectionCount
FN:74958,74983,findBtree
FN:74989,74993,setDestPgsz
FN:75001,75007,checkReadTransaction
FN:75017,75087,sqlite3_backup_init
FN:75094,75096,isFatalError
FN:75103,75162,backupOnePage
FN:75172,75179,backupTruncateFile
FN:75185,75192,attachBackupObject
FN:75197,75446,sqlite3_backup_step
FN:75451,75499,sqlite3_backup_finish
FN:75505,75513,sqlite3_backup_remaining
FN:75519,75527,sqlite3_backup_pagecount
FN:75541,75565,backupUpdate
FN:75566,75568,sqlite3BackupUpdate
FN:75581,75587,sqlite3BackupRestart
FN:75598,75646,sqlite3BtreeCopyFile
FN:75754,75767,vdbeMemRenderNum
FN:75838,75862,sqlite3VdbeChangeEncoding
FN:75872,75918,sqlite3VdbeMemGrow
FN:75933,75943,sqlite3VdbeMemClearAndResize
FN:75954,75963,vdbeMemAddTerminator
FN:75971,75987,sqlite3VdbeMemMakeWriteable
FN:75994,76016,sqlite3VdbeMemExpandBlob
FN:76022,76031,sqlite3VdbeMemNulTerminate
FN:76047,76071,sqlite3VdbeMemStringify
FN:76081,76100,sqlite3VdbeMemFinalize
FN:76111,76124,sqlite3VdbeMemAggValue
FN:76136,76149,vdbeMemClearExternAndSetNull
FN:76159,76168,vdbeMemClear
FN:76180,76185,sqlite3VdbeMemRelease
FN:76192,76215,doubleToInt64
FN:76228,76232,memIntValue
FN:76233,76248,sqlite3VdbeIntValue
FN:76256,76261,memRealValue
FN:76262,76276,sqlite3VdbeRealValue
FN:76282,76287,sqlite3VdbeBooleanValue
FN:76293,76316,sqlite3VdbeIntegerAffinity
FN:76321,76329,sqlite3VdbeMemIntegerify
FN:76335,76342,sqlite3VdbeMemRealify
FN:76353,76358,sqlite3RealSameAsInt
FN:76368,76391,sqlite3VdbeMemNumerify
FN:76400,76436,sqlite3VdbeMemCast
FN:76443,76448,sqlite3VdbeMemInit
FN:76463,76469,sqlite3VdbeMemSetNull
FN:76470,76472,sqlite3ValueSetNull
FN:76478,76486,sqlite3VdbeMemSetZeroBlob
FN:76493,76497,vdbeReleaseAndSetInt64
FN:76503,76510,sqlite3VdbeMemSetInt64
FN:76513,76513,sqlite3NoopDestructor
FN:76519,76531,sqlite3VdbeMemSetPointer
FN:76538,76544,sqlite3VdbeMemSetDouble
FN:76565,76577,sqlite3VdbeMemSetRowSet
FN:76583,76593,sqlite3VdbeMemTooBig
FN:76639,76643,vdbeClrCopy
FN:76644,76654,sqlite3VdbeMemShallowCopy
FN:76660,76675,sqlite3VdbeMemCopy
FN:76683,76692,sqlite3VdbeMemMove
FN:76709,76800,sqlite3VdbeMemSetStr
FN:76817,76839,sqlite3VdbeMemFromBtree
FN:76840,76865,sqlite3VdbeMemFromBtreeZeroOffset
FN:76872,76903,valueToText
FN:76915,76928,sqlite3ValueText
FN:76933,76940,sqlite3ValueNew
FN:76964,77003,valueNew
FN:77120,77263,valueFromExpr
FN:77275,77283,sqlite3ValueFromExpr
FN:77504,77512,sqlite3ValueSetStr
FN:77517,77521,sqlite3ValueFree
FN:77528,77530,valueBytes
FN:77531,77546,sqlite3ValueBytes
FN:77574,77596,sqlite3VdbeCreate
FN:77601,77603,sqlite3VdbeParser
FN:77608,77614,sqlite3VdbeError
FN:77619,77627,sqlite3VdbeSetSql
FN:77669,77694,sqlite3VdbeSwap
FN:77706,77741,growOpArray
FN:77777,77782,growOp3
FN:77783,77819,sqlite3VdbeAddOp3
FN:77820,77822,sqlite3VdbeAddOp0
FN:77823,77825,sqlite3VdbeAddOp1
FN:77826,77828,sqlite3VdbeAddOp2
FN:77832,77834,sqlite3VdbeGoto
FN:77839,77841,sqlite3VdbeLoadString
FN:77854,77872,sqlite3VdbeMultiLoad
FN:77877,77889,sqlite3VdbeAddOp4
FN:77901,77932,sqlite3VdbeAddFunctionCall
FN:77938,77950,sqlite3VdbeAddOp4Dup8
FN:77957,77962,sqlite3VdbeExplainParent
FN:77981,78004,sqlite3VdbeExplain
FN:78009,78012,sqlite3VdbeExplainPop
FN:78023,78027,sqlite3VdbeAddParseSchemaOp
FN:78032,78047,sqlite3VdbeAddOp4Int
FN:78051,78062,sqlite3VdbeEndCoroutine
FN:78089,78091,sqlite3VdbeMakeLabel
FN:78098,78112,resizeResolveLabel
FN:78113,78130,sqlite3VdbeResolveLabel
FN:78135,78137,sqlite3VdbeRunOnlyOnce
FN:78142,78144,sqlite3VdbeReusable
FN:782,785,sqlite3CompileOptions
FN:78338,78434,resolveP2Values
FN:78439,78442,sqlite3VdbeCurrentAddr
FN:78496,78507,sqlite3VdbeTakeOpArray
FN:78516,78558,sqlite3VdbeAddOpList
FN:78592,78594,sqlite3VdbeChangeOpcode
FN:78595,78597,sqlite3VdbeChangeP1
FN:78598,78600,sqlite3VdbeChangeP2
FN:78601,78603,sqlite3VdbeChangeP3
FN:78604,78607,sqlite3VdbeChangeP5
FN:78613,78615,sqlite3VdbeJumpHere
FN:78630,78643,sqlite3VdbeJumpHereOrPopInst
FN:78650,78654,freeEphemeralFunction
FN:78659,78662,freeP4Mem
FN:78663,78666,freeP4FuncCtx
FN:78667,78709,freeP4
FN:78716,78727,vdbeFreeOpArray
FN:78734,78737,sqlite3VdbeLinkSubProgram
FN:78742,78744,sqlite3VdbeHasSubProgram
FN:78749,78759,sqlite3VdbeChangeToNoop
FN:78765,78771,sqlite3VdbeDeletePriorOpcode
FN:78825,78843,vdbeChangeP4Full
FN:78844,78876,sqlite3VdbeChangeP4
FN:78887,78901,sqlite3VdbeAppendP4
FN:78907,78914,sqlite3VdbeSetP4KeyInfo
FN:78974,78988,sqlite3VdbeGetOp
FN:79181,79295,sqlite3VdbeDisplayP4
FN:79306,79313,sqlite3VdbeUsesBtree
FN:79337,79351,sqlite3VdbeEnter
FN:79358,79371,vdbeLeave
FN:79372,79375,sqlite3VdbeLeave
FN:79414,79424,initMemArray
FN:79429,79468,releaseMemArray
FN:79491,79496,sqlite3VdbeFrameMemDel
FN:79506,79610,sqlite3VdbeNextOpcode
FN:79618,79629,sqlite3VdbeFrameDelete
FN:79650,79739,sqlite3VdbeList
FN:79815,79832,allocSpace
FN:79838,79871,sqlite3VdbeRewind
FN:79891,80010,sqlite3VdbeMakeReady
FN:80016,80048,sqlite3VdbeFreeCursor
FN:80053,80064,closeCursorsInFrame
FN:80071,80090,sqlite3VdbeFrameRestore
FN:80100,80122,closeAllCursors
FN:80130,80143,sqlite3VdbeSetNumCols
FN:80155,80175,sqlite3VdbeSetColName
FN:80183,80435,vdbeCommit
FN:80479,80524,vdbeCloseStatement
FN:80525,80530,sqlite3VdbeCloseStatement
FN:80544,80555,sqlite3VdbeCheckFk
FN:80571,80765,sqlite3VdbeHalt
FN:80772,80774,sqlite3VdbeResetStepResult
FN:80784,80799,sqlite3VdbeTransferError
FN:80833,80918,sqlite3VdbeReset
FN:80924,80932,sqlite3VdbeFinalize
FN:80950,80968,sqlite3VdbeDeleteAuxData
FN:80978,81014,sqlite3VdbeClearObject
FN:81019,81038,sqlite3VdbeDelete
FN:81045,81062,sqlite3VdbeFinishMoveto
FN:81071,81080,handleMovedCursor
FN:81086,81092,sqlite3VdbeCursorRestore
FN:81107,81123,sqlite3VdbeCursorMoveto
FN:81263,81271,sqlite3VdbeSerialTypeLen
FN:81272,81275,sqlite3VdbeOneByteSerialTypeLen
FN:81343,81377,sqlite3VdbeSerialPut
FN:81397,81432,serialGet
FN:81433,81523,sqlite3VdbeSerialGet
FN:81538,81551,sqlite3VdbeAllocUnpackedRecord
FN:81558,81598,sqlite3VdbeRecordUnpack
FN:81753,81784,vdbeCompareMemString
FN:81790,81796,isAllZero
FN:81803,81829,sqlite3BlobCompare
FN:81836,81855,sqlite3IntFloatCompare
FN:81866,81955,sqlite3MemCompare
FN:81965,81997,vdbeRecordDecodeInt
FN:82020,82216,sqlite3VdbeRecordCompareWithSkip
FN:82217,82222,sqlite3VdbeRecordCompare
FN:82234,82320,vdbeRecordCompareInt
FN:82328,82385,vdbeRecordCompareString
FN:82392,82433,sqlite3VdbeFindCompare
FN:82443,82509,sqlite3VdbeIdxRowid
FN:82522,82551,sqlite3VdbeIdxKeyCompare
FN:82557,82561,sqlite3VdbeSetChanges
FN:82567,82569,sqlite3VdbeCountChanges
FN:82589,82594,sqlite3ExpirePreparedStatements
FN:82599,82601,sqlite3VdbeDb
FN:82606,82608,sqlite3VdbePrepareFlags
FN:82618,82633,sqlite3VdbeGetBoundValue
FN:82640,82648,sqlite3VdbeSetVarmask
FN:82659,82682,sqlite3NotPureFunc
FN:82690,82698,sqlite3VtabImportErrmsg
FN:82819,82822,sqlite3_expired
FN:82830,82837,vdbeSafety
FN:82838,82845,vdbeSafetyNotNull
FN:82852,82870,invokeProfileCallback
FN:82890,82907,sqlite3_finalize
FN:82917,82933,sqlite3_reset
FN:82938,82956,sqlite3_clear_bindings
FN:82963,82975,sqlite3_value_blob
FN:82976,82978,sqlite3_value_bytes
FN:82979,82981,sqlite3_value_bytes16
FN:82982,82984,sqlite3_value_double
FN:82985,82987,sqlite3_value_int
FN:82988,82990,sqlite3_value_int64
FN:82991,82994,sqlite3_value_subtype
FN:82995,83007,sqlite3_value_pointer
FN:83008,83010,sqlite3_value_text
FN:83012,83014,sqlite3_value_text16
FN:83015,83017,sqlite3_value_text16be
FN:83018,83020,sqlite3_value_text16le
FN:83026,83109,sqlite3_value_type
FN:83112,83114,sqlite3_value_nochange
FN:83117,83119,sqlite3_value_frombind
FN:83123,83141,sqlite3_value_dup
FN:83146,83148,sqlite3_value_free
FN:83162,83172,setResultStrOrError
FN:83173,83188,invokeValueDestructor
FN:83189,83198,sqlite3_result_blob
FN:83199,83212,sqlite3_result_blob64
FN:83213,83216,sqlite3_result_double
FN:83217,83221,sqlite3_result_error
FN:83223,83227,sqlite3_result_error16
FN:83229,83232,sqlite3_result_int
FN:83233,83236,sqlite3_result_int64
FN:83237,83240,sqlite3_result_null
FN:83241,83252,sqlite3_result_pointer
FN:83253,83258,sqlite3_result_subtype
FN:83259,83267,sqlite3_result_text
FN:83268,83283,sqlite3_result_text64
FN:83285,83293,sqlite3_result_text16
FN:83294,83302,sqlite3_result_text16be
FN:83303,83311,sqlite3_result_text16le
FN:83313,83316,sqlite3_result_value
FN:83317,83320,sqlite3_result_zeroblob
FN:83321,83329,sqlite3_result_zeroblob64
FN:83330,83339,sqlite3_result_error_code
FN:83342,83347,sqlite3_result_error_toobig
FN:83350,83355,sqlite3_result_error_nomem
FN:83362,83368,sqlite3ResultIntReal
FN:83376,83394,doWalCallbacks
FN:83406,83534,sqlite3Step
FN:83541,83583,sqlite3_step
FN:83590,83593,sqlite3_user_data
FN:83605,83608,sqlite3_context_db_handle
FN:83624,83627,sqlite3_vtab_nochange
FN:83636,83650,sqlite3StmtCurrentTime
FN:83656,83671,createAggContext
FN:83678,83687,sqlite3_aggregate_context
FN:83699,83714,sqlite3_get_auxdata
FN:83727,83768,sqlite3_set_auxdata
FN:83780,83783,sqlite3_aggregate_count
FN:83789,83792,sqlite3_column_count
FN:83798,83802,sqlite3_data_count
FN:83807,83839,columnNullValue
FN:83847,83862,columnMem
FN:83882,83896,columnMallocFailure
FN:83902,83911,sqlite3_column_blob
FN:83912,83916,sqlite3_column_bytes
FN:83917,83921,sqlite3_column_bytes16
FN:83922,83926,sqlite3_column_double
FN:83927,83931,sqlite3_column_int
FN:83932,83936,sqlite3_column_int64
FN:83937,83941,sqlite3_column_text
FN:83942,83950,sqlite3_column_value
FN:83952,83956,sqlite3_column_text16
FN:83958,83962,sqlite3_column_type
FN:83980,84023,columnName
FN:84029,84031,sqlite3_column_name
FN:84033,84035,sqlite3_column_name16
FN:84052,84054,sqlite3_column_decltype
FN:84056,84058,sqlite3_column_decltype16
FN:84122,84160,vdbeUnbind
FN:84165,84195,bindText
FN:84201,84212,sqlite3_bind_blob
FN:84213,84226,sqlite3_bind_blob64
FN:84227,84236,sqlite3_bind_double
FN:84237,84239,sqlite3_bind_int
FN:84240,84249,sqlite3_bind_int64
FN:84250,84258,sqlite3_bind_null
FN:84259,84276,sqlite3_bind_pointer
FN:84277,84285,sqlite3_bind_text
FN:84286,84301,sqlite3_bind_text64
FN:84303,84311,sqlite3_bind_text16
FN:84313,84343,sqlite3_bind_value
FN:84344,84353,sqlite3_bind_zeroblob
FN:84354,84367,sqlite3_bind_zeroblob64
FN:84373,84376,sqlite3_bind_parameter_count
FN:84384,84388,sqlite3_bind_parameter_name
FN:84395,84398,sqlite3VdbeParameterIndex
FN:84399,84401,sqlite3_bind_parameter_index
FN:84406,84418,sqlite3TransferBindings
FN:84433,84448,sqlite3_transfer_bindings
FN:84457,84459,sqlite3_db_handle
FN:84465,84467,sqlite3_stmt_readonly
FN:84473,84475,sqlite3_stmt_isexplain
FN:84480,84483,sqlite3_stmt_busy
FN:84491,84507,sqlite3_next_stmt
FN:84512,84537,sqlite3_stmt_status
FN:84542,84545,sqlite3_sql
FN:84556,84570,sqlite3_expanded_sql
FN:84875,84892,findNextHostParameter
FN:84918,85038,sqlite3VdbeExpandSql
FN:85283,85340,allocateCursor
FN:85348,85355,alsoAnInt
FN:85372,85391,applyNumericAffinity
FN:85412,85443,applyAffinity
FN:85451,85459,sqlite3_value_numeric_type
FN:85465,85471,sqlite3ValueApplyAffinity
FN:85479,85498,computeNumericType
FN:85507,85520,numericType
FN:85766,85770,out2PrereleaseWithClear
FN:85771,85783,out2Prerelease
FN:85790,93156,sqlite3VdbeExec
FN:93214,93274,blobSeekToRow
FN:93279,93506,sqlite3_blob_open
FN:93512,93528,sqlite3_blob_close
FN:93533,93601,blobReadWrite
FN:93606,93608,sqlite3_blob_read
FN:93613,93615,sqlite3_blob_write
FN:93623,93626,sqlite3_blob_bytes
FN:93638,93666,sqlite3_blob_reopen
FN:94140,94146,vdbePmaReaderClear
FN:94157,94245,vdbePmaReadBlob
FN:94251,94273,vdbePmaReadVarint
FN:94284,94294,vdbeSorterMapFile
FN:94301,94342,vdbePmaReaderSeek
FN:94348,94384,vdbePmaReaderNext
FN:94395,94421,vdbePmaReaderInit
FN:94428,94440,vdbeSorterCompareTail
FN:94455,94467,vdbeSorterCompare
FN:94474,94510,vdbeSorterCompareText
FN:94516,94578,vdbeSorterCompareInt
FN:94599,94695,sqlite3VdbeSorterInit
FN:94701,94708,vdbeSorterRecordFree
FN:94714,94734,vdbeSortSubtaskCleanup
FN:94779,94795,vdbeSorterJoinThread
FN:94800,94807,vdbeSorterCreateThread
FN:94813,94830,vdbeSorterJoinAll
FN:94843,94861,vdbeMergeEngineNew
FN:94866,94874,vdbeMergeEngineFree
FN:94880,94892,vdbeIncrFree
FN:94897,94925,sqlite3VdbeSorterReset
FN:94930,94940,sqlite3VdbeSorterClose
FN:94952,94961,vdbeSorterExtendFile
FN:94971,94991,vdbeSorterOpenTempFile
FN:94998,95006,vdbeSortAllocUnpacked
FN:95012,95048,vdbeSorterMerge
FN:95054,95061,vdbeSorterGetCompare
FN:95068,95114,vdbeSorterSort
FN:95119,95135,vdbePmaWriterInit
FN:95141,95163,vdbePmaWriteBlob
FN:95174,95187,vdbePmaWriterFinish
FN:95193,95198,vdbePmaWriteVarint
FN:95214,95269,vdbeSorterListToPMA
FN:95278,95343,vdbeMergeEngineStep
FN:95349,95356,vdbeSorterFlushThread
FN:95363,95428,vdbeSorterFlushPMA
FN:95433,95538,sqlite3VdbeSorterWrite
FN:95545,95580,vdbeIncrPopulate
FN:95587,95592,vdbeIncrPopulateThread
FN:95597,95601,vdbeIncrBgPopulate
FN:95621,95652,vdbeIncrSwap
FN:95660,95678,vdbeIncrMergerNew
FN:95684,95687,vdbeIncrMergerSetThreads
FN:95697,95740,vdbeMergeEngineCompare
FN:95779,95820,vdbeMergeEngineInit
FN:95855,95915,vdbePmaReaderIncrMergeInit
FN:95922,95929,vdbePmaReaderBgIncrInit
FN:95943,95959,vdbePmaReaderIncrInit
FN:95973,96000,vdbeMergeEngineLevel0
FN:96012,96020,vdbeSorterTreeDepth
FN:96030,96073,vdbeSorterAddToTree
FN:96086,96154,vdbeSorterMergeTreeBuild
FN:96165,96239,vdbeSorterSetupMerge
FN:96247,96290,sqlite3VdbeSorterRewind
FN:96299,96331,sqlite3VdbeSorterNext
FN:96337,96359,vdbeSorterRowkey
FN:96364,96379,sqlite3VdbeSorterRowkey
FN:96397,96431,sqlite3VdbeSorterCompare
FN:96948,96990,memjrnlRead
FN:96995,97003,memjrnlFreeChunks
FN:97008,97041,memjrnlCreateFile
FN:97047,97117,memjrnlWrite
FN:97126,97137,memjrnlTruncate
FN:97142,97146,memjrnlClose
FN:97154,97157,memjrnlSync
FN:97162,97166,memjrnlFileSize
FN:97205,97236,sqlite3JournalOpen
FN:97241,97243,sqlite3MemJournalOpen
FN:97280,97282,sqlite3JournalIsInMemory
FN:97288,97290,sqlite3JournalSize
FN:97318,97339,walkWindowList
FN:97361,97392,walkExpr
FN:97393,97395,sqlite3WalkExpr
FN:97401,97410,sqlite3WalkExprList
FN:97418,97437,sqlite3WalkSelectExpr
FN:97446,97465,sqlite3WalkSelectFrom
FN:97484,97502,sqlite3WalkSelect
FN:97507,97511,sqlite3WalkerDepthIncrease
FN:97512,97515,sqlite3WalkerDepthDecrease
FN:97527,97530,sqlite3ExprWalkNoop
FN:97536,97539,sqlite3SelectWalkNoop
FN:97572,97575,incrAggDepth
FN:97576,97584,incrAggFunctionDepth
FN:97605,97653,resolveAlias
FN:97662,97670,nameInUsingClause
FN:97679,97703,sqlite3MatchEName
FN:97708,97720,areDoubleQuotedStringsEnabled
FN:97726,97745,sqlite3ExprColUsed
FN:97774,98181,lookupName
FN:98187,98211,sqlite3CreateColumnExpr
FN:98229,98245,notValidImpl
FN:98255,98262,exprProbability
FN:98275,98664,resolveExprStep
FN:98678,98698,resolveAsName
FN:98718,98760,resolveOrderByTermToExprList
FN:98765,98774,resolveOutOfRangeError
FN:98791,98896,resolveCompoundOrderBy
FN:98908,98937,sqlite3ResolveOrderGroupBy
FN:98943,98950,resolveRemoveWindowsCb
FN:98956,98964,windowRemoveExprFromSelect
FN:98987,99044,resolveOrderGroupBy
FN:99049,99284,resolveSelectStep
FN:99334,99366,sqlite3ResolveExprNames
FN:99373,99414,sqlite3ResolveExprListNames
FN:99428,99442,sqlite3ResolveSelectNames
FN:99462,99495,sqlite3ResolveSelfReference
FN:99522,99525,sqlite3TableColumnAffinity
FN:99543,99580,sqlite3ExprAffinity
FN:99590,99605,sqlite3ExprAddCollateToken
FN:99606,99611,sqlite3ExprAddCollateString
FN:99616,99622,sqlite3ExprSkipCollate
FN:99629,99642,sqlite3ExprSkipCollateAndLikely
FN:99658,99718,sqlite3ExprCollSeq
FN:99730,99735,sqlite3ExprNNCollSeq
FN:99740,99744,sqlite3ExprCollSeqMatch
FN:99751,99767,sqlite3CompareAffinity
FN:99773,99788,comparisonAffinity
FN:99796,99805,sqlite3IndexAffinityOk
FN:99811,99819,binaryCompareP5
FN:99833,99851,sqlite3BinaryCompareCollSeq
FN:99861,99867,sqlite3ExprCompareCollSeq
FN:99872,99897,codeCompare
FN:99908,99910,sqlite3ExprIsVector
FN:99918,99928,sqlite3ExprVectorSize
FN:99945,99956,sqlite3VectorFieldSubexpr
FN:99979,100015,sqlite3ExprForVectorField
FNDA:0,exprCodeSubselect
FNDA:0,exprVectorRegister
FNDA:0,codeVectorCompare
FNDA:9228,sqlite3ExprCheckHeight
FNDA:5384,heightOfExpr
FNDA:0,heightOfExprList
FNDA:0,heightOfSelect
FNDA:2692,exprSetHeight
FNDA:105,sqlite3ExprSetHeightAndFlags
FNDA:0,sqlite3SelectExprHeight
FNDA:3498,sqlite3ExprAlloc
FNDA:2352,sqlite3Expr
FNDA:2587,sqlite3ExprAttachSubtrees
FNDA:2587,sqlite3PExpr
FNDA:0,sqlite3PExprAddSelect
FNDA:405,sqlite3ExprAnd
FNDA:105,sqlite3ExprFunction
FNDA:0,sqlite3ExprFunctionUsable
FNDA:0,sqlite3ExprAssignVarNumber
FNDA:12583,sqlite3ExprDeleteNN
FNDA:27230,sqlite3ExprDelete
FNDA:0,sqlite3ExprUnmapAndDelete
FNDA:718,exprStructSize
FNDA:4352,dupedExprStructSize
FNDA:2662,dupedExprNodeSize
FNDA:3148,dupedExprSize
FNDA:1690,exprDup
FNDA:0,withDup
FNDA:0,gatherSelectWindowsCallback
FNDA:0,gatherSelectWindowsSelectCallback
FNDA:0,gatherSelectWindows
FNDA:1375,sqlite3ExprDup
FNDA:521,sqlite3ExprListDup
FNDA:0,sqlite3SrcListDup
FNDA:0,sqlite3IdListDup
FNDA:0,sqlite3SelectDup
FNDA:6649,sqlite3ExprListAppend
FNDA:0,sqlite3ExprListAppendVector
FNDA:559,sqlite3ExprListSetSortOrder
FNDA:3517,sqlite3ExprListSetName
FNDA:631,sqlite3ExprListSetSpan
FNDA:426,sqlite3ExprListCheckLength
FNDA:2644,exprListDeleteNN
FNDA:10749,sqlite3ExprListDelete
FNDA:0,sqlite3ExprListFlags
FNDA:0,sqlite3SelectWalkFail
FNDA:0,sqlite3IsTrueOrFalse
FNDA:0,sqlite3ExprIdToTrueFalse
FNDA:0,sqlite3ExprTruthValue
FNDA:0,sqlite3ExprSimplifiedAndOr
FNDA:2099,exprNodeIsConstant
FNDA:2200,exprIsConst
FNDA:0,sqlite3ExprIsConstant
FNDA:1714,sqlite3ExprIsConstantNotJoin
FNDA:0,sqlite3ExprIsTableConstant
FNDA:0,exprNodeIsConstantOrGroupBy
FNDA:0,sqlite3ExprIsConstantOrGroupBy
FNDA:486,sqlite3ExprIsConstantOrFunction
FNDA:975,sqlite3ExprIsInteger
FNDA:80,sqlite3ExprCanBeNull
FNDA:80,sqlite3ExprNeedsNoAffinityChange
FNDA:668,sqlite3IsRowid
FNDA:0,isCandidateForInOpt
FNDA:0,sqlite3SetHasNullFlag
FNDA:0,sqlite3InRhsIsConstant
FNDA:0,sqlite3FindInIndex
FNDA:0,exprINAffinity
FNDA:0,sqlite3SubselectError
FNDA:0,sqlite3VectorErrorMsg
FNDA:0,sqlite3CodeRhsOfIN
FNDA:0,sqlite3CodeSubselect
FNDA:0,sqlite3ExprCheckIN
FNDA:0,sqlite3ExprCodeIN
FNDA:0,codeReal
FNDA:465,codeInteger
FNDA:10,sqlite3ExprCodeLoadIndexColumn
FNDA:0,sqlite3ExprCodeGeneratedColumn
FNDA:3999,sqlite3ExprCodeGetColumnOfTable
FNDA:3258,sqlite3ExprCodeGetColumn
FNDA:0,sqlite3ExprCodeMove
FNDA:0,exprToRegister
FNDA:0,exprCodeVector
FNDA:0,setDoNotMergeFlagOnCopy
FNDA:0,exprCodeInlineFunction
FNDA:7157,sqlite3ExprCodeTarget
FNDA:857,sqlite3ExprCodeRunJustOnce
FNDA:1630,sqlite3ExprCodeTemp
FNDA:3107,sqlite3ExprCode
[...]
FN:51,51,_ZN55DoctorScenariosTests_Scenario_UpdateDoctorSchedule_Test8TestBodyEv
FN:51,51,_ZN55DoctorScenariosTests_Scenario_UpdateDoctorSchedule_TestC2Ev
FN:51,51,_ZN55DoctorScenariosTests_Scenario_UpdateDoctorSchedule_TestD0Ev
FN:51,51,_ZN55DoctorScenariosTests_Scenario_UpdateDoctorSchedule_TestD2Ev
FN:62,62,_ZN52DoctorScenariosTests_Scenario_RegisterNewDoctor_Test8TestBodyEv
FN:62,62,_ZN52DoctorScenariosTests_Scenario_RegisterNewDoctor_TestC2Ev
FN:62,62,_ZN52DoctorScenariosTests_Scenario_RegisterNewDoctor_TestD0Ev
FN:62,62,_ZN52DoctorScenariosTests_Scenario_RegisterNewDoctor_TestD2Ev
FN:75,75,_ZN58DoctorScenariosTests_Scenario_RegisterAndRemoveDoctor_Test8TestBodyEv
FN:75,75,_ZN58DoctorScenariosTests_Scenario_RegisterAndRemoveDoctor_TestC2Ev
FN:75,75,_ZN58DoctorScenariosTests_Scenario_RegisterAndRemoveDoctor_TestD0Ev
FN:75,75,_ZN58DoctorScenariosTests_Scenario_RegisterAndRemoveDoctor_TestD2Ev
FN:82,82,_ZN52DoctorScenariosTests_Scenario_CheckDoctorInList_Test8TestBodyEv
FN:82,82,_ZN52DoctorScenariosTests_Scenario_CheckDoctorInList_TestC2Ev
FN:82,82,_ZN52DoctorScenariosTests_Scenario_CheckDoctorInList_TestD0Ev
FN:82,82,_ZN52DoctorScenariosTests_Scenario_CheckDoctorInList_TestD2Ev
FNDA:6,_ZN20DoctorScenariosTests5SetUpEv
FNDA:6,_ZN20DoctorScenariosTests8TearDownEv
FNDA:1,_ZN53DoctorScenariosTests_Scenario_LoadExistingDoctor_Test8TestBodyEv
FNDA:1,_ZN53DoctorScenariosTests_Scenario_LoadExistingDoctor_TestC2Ev
FNDA:1,_ZN53DoctorScenariosTests_Scenario_LoadExistingDoctor_TestD0Ev
FNDA:1,_ZN53DoctorScenariosTests_Scenario_LoadExistingDoctor_TestD2Ev
FNDA:1,_ZN61DoctorScenariosTests_Scenario_UpdateDoctorSpecialization_Test8TestBodyEv
FNDA:1,_ZN61DoctorScenariosTests_Scenario_UpdateDoctorSpecialization_TestC2Ev
FNDA:1,_ZN61DoctorScenariosTests_Scenario_UpdateDoctorSpecialization_TestD0Ev
FNDA:1,_ZN61DoctorScenariosTests_Scenario_UpdateDoctorSpecialization_TestD2Ev
FNDA:1,_ZN55DoctorScenariosTests_Scenario_UpdateDoctorSchedule_Test8TestBodyEv
FNDA:1,_ZN55DoctorScenariosTests_Scenario_UpdateDoctorSchedule_TestC2Ev
FNDA:1,_ZN55DoctorScenariosTests_Scenario_UpdateDoctorSchedule_TestD0Ev
FNDA:1,_ZN55DoctorScenariosTests_Scenario_UpdateDoctorSchedule_TestD2Ev
FNDA:1,_ZN52DoctorScenariosTests_Scenario_RegisterNewDoctor_Test8TestBodyEv
FNDA:1,_ZN52DoctorScenariosTests_Scenario_RegisterNewDoctor_TestC2Ev
FNDA:1,_ZN52DoctorScenariosTests_Scenario_RegisterNewDoctor_TestD0Ev
FNDA:1,_ZN52DoctorScenariosTests_Scenario_RegisterNewDoctor_TestD2Ev
FNDA:1,_ZN58DoctorScenariosTests_Scenario_RegisterAndRemoveDoctor_Test8TestBodyEv
FNDA:1,_ZN58DoctorScenariosTests_Scenario_RegisterAndRemoveDoctor_TestC2Ev
FNDA:1,_ZN58DoctorScenariosTests_Scenario_RegisterAndRemoveDoctor_TestD0Ev
FNDA:1,_ZN58DoctorScenariosTests_Scenario_RegisterAndRemoveDoctor_TestD2Ev
FNDA:1,_ZN52DoctorScenariosTests_Scenario_CheckDoctorInList_Test8TestBodyEv
FNDA:1,_ZN52DoctorScenariosTests_Scenario_CheckDoctorInList_TestC2Ev
FNDA:1,_ZN52DoctorScenariosTests_Scenario_CheckDoctorInList_TestD0Ev
FNDA:1,_ZN52DoctorScenariosTests_Scenario_CheckDoctorInList_TestD2Ev
FNF:26
FNH:26
DA:15,6
DA:16,6
DA:17,6
DA:18,6
DA:19,6
DA:20,6
DA:24,4
DA:25,1
DA:27,1
DA:29,1
DA:30,1
DA:31,1
DA:32,1
DA:35,4
DA:36,1
DA:37,1
DA:39,1
DA:40,1
DA:41,1
DA:43,2
DA:44,1
DA:46,1
DA:47,1
DA:48,1
DA:51,4
DA:52,1
DA:53,1
DA:55,1
DA:56,1
DA:58,1
DA:59,1
DA:62,4
DA:63,1
DA:65,3
DA:66,1
DA:68,1
DA:71,1
DA:72,1
DA:75,4
DA:76,3
DA:77,1
DA:78,1
DA:79,1
DA:82,4
DA:83,1
DA:84,1
DA:85,1
DA:86,1
DA:87,1
LF:49
LH:49
end_of_record
TN:
SF:/mnt/c/Users/ECS/Documents/GitHub/clinic-appointment-queue-management/tests/test_login.cpp
FN:13,27,_Z18initialize_test_dbRKSs
FN:28,51,_Z12attemptLoginRKSsS0_S0_
FN:36,40,_ZZ12attemptLoginRKSsS0_S0_ENKUlPviPPcS3_E_clES1_iS3_S3_
FN:60,68,_ZN10LoginTests5SetUpEv
FN:70,73,_ZN10LoginTests8TearDownEv
FN:81,81,_ZN31LoginTests_SuccessfulLogin_Test8TestBodyEv
FN:81,81,_ZN31LoginTests_SuccessfulLogin_TestC2Ev
FN:81,81,_ZN31LoginTests_SuccessfulLogin_TestD0Ev
FN:81,81,_ZN31LoginTests_SuccessfulLogin_TestD2Ev
FN:88,88,_ZN33LoginTests_IncorrectPassword_Test8TestBodyEv
FN:88,88,_ZN33LoginTests_IncorrectPassword_TestC2Ev
FN:88,88,_ZN33LoginTests_IncorrectPassword_TestD0Ev
FN:88,88,_ZN33LoginTests_IncorrectPassword_TestD2Ev
FN:95,99,_ZN32LoginTests_NonExistentEmail_Test8TestBodyEv
FN:95,99,_ZN32LoginTests_NonExistentEmail_TestC2Ev
FN:95,99,_ZN32LoginTests_NonExistentEmail_TestD0Ev
FN:95,99,_ZN32LoginTests_NonExistentEmail_TestD2Ev
FNDA:0,_Z18initialize_test_dbRKSs
FNDA:5,_Z12attemptLoginRKSsS0_S0_
FNDA:5,_ZZ12attemptLoginRKSsS0_S0_ENKUlPviPPcS3_E_clES1_iS3_S3_
FNDA:15,_ZN10LoginTests5SetUpEv
FNDA:15,_ZN10LoginTests8TearDownEv
FNDA:5,_ZN31LoginTests_SuccessfulLogin_Test8TestBodyEv
FNDA:5,_ZN31LoginTests_SuccessfulLogin_TestC2Ev
FNDA:5,_ZN31LoginTests_SuccessfulLogin_TestD0Ev
FNDA:5,_ZN31LoginTests_SuccessfulLogin_TestD2Ev
FNDA:0,_ZN33LoginTests_IncorrectPassword_Test8TestBodyEv
FNDA:5,_ZN33LoginTests_IncorrectPassword_TestC2Ev
FNDA:5,_ZN33LoginTests_IncorrectPassword_TestD0Ev
FNDA:5,_ZN33LoginTests_IncorrectPassword_TestD2Ev
FNDA:0,_ZN32LoginTests_NonExistentEmail_Test8TestBodyEv
FNDA:5,_ZN32LoginTests_NonExistentEmail_TestC2Ev
FNDA:5,_ZN32LoginTests_NonExistentEmail_TestD0Ev
FNDA:5,_ZN32LoginTests_NonExistentEmail_TestD2Ev
FNF:17
FNH:14
DA:13,0
DA:14,0
DA:15,0
DA:16,0
DA:17,0
DA:18,0
DA:19,0
DA:21,0
DA:22,0
DA:24,0
DA:25,0
DA:27,0
DA:28,5
DA:29,5
DA:32,5
DA:34,5
DA:35,5
DA:36,0
DA:37,5
DA:38,5
DA:39,5
DA:43,5
DA:44,0
DA:46,5
DA:47,5
DA:48,0
DA:49,0
DA:50,0
DA:51,5
DA:60,15
DA:61,15
DA:64,75
DA:65,15
DA:67,15
DA:68,15
DA:70,15
DA:73,15
DA:81,20
DA:82,5
DA:84,5
DA:85,5
DA:88,15
DA:89,0
DA:91,0
DA:92,0
DA:95,15
DA:96,0
DA:98,0
DA:99,0
LF:49
LH:26
end_of_record
TN:
SF:/mnt/c/Users/ECS/Documents/GitHub/clinic-appointment-queue-management/tests/test_notification.cpp
FN:103,103,_ZN46NotificationTests_SendNotificationSuccess_Test8TestBodyEv
FN:103,103,_ZN46NotificationTests_SendNotificationSuccess_TestC2Ev
FN:103,103,_ZN46NotificationTests_SendNotificationSuccess_TestD0Ev
FN:103,103,_ZN46NotificationTests_SendNotificationSuccess_TestD2Ev
FN:119,129,_ZN46NotificationTests_RunRemindersPlaceholder_Test8TestBodyEv
FN:119,129,_ZN46NotificationTests_RunRemindersPlaceholder_TestC2Ev
FN:119,129,_ZN46NotificationTests_RunRemindersPlaceholder_TestD0Ev
FN:119,129,_ZN46NotificationTests_RunRemindersPlaceholder_TestD2Ev
FN:17,36,_Z18initialize_test_dbRKSs
FN:39,65,_Z20getNotificationCountRKSs
FN:48,58,_ZZ20getNotificationCountRKSsENKUlPviPPcS3_E_clES1_iS3_S3_
FN:71,84,_ZN17NotificationTests5SetUpEv
FN:86,89,_ZN17NotificationTests8TearDownEv
FN:96,96,_ZN49NotificationTests_ConstructorAndInitialState_Test8TestBodyEv
FN:96,96,_ZN49NotificationTests_ConstructorAndInitialState_TestC2Ev
FN:96,96,_ZN49NotificationTests_ConstructorAndInitialState_TestD0Ev
FN:96,96,_ZN49NotificationTests_ConstructorAndInitialState_TestD2Ev
FNDA:5,_ZN46NotificationTests_SendNotificationSuccess_Test8TestBodyEv
FNDA:5,_ZN46NotificationTests_SendNotificationSuccess_TestC2Ev
FNDA:5,_ZN46NotificationTests_SendNotificationSuccess_TestD0Ev
FNDA:5,_ZN46NotificationTests_SendNotificationSuccess_TestD2Ev
FNDA:5,_ZN46NotificationTests_RunRemindersPlaceholder_Test8TestBodyEv
FNDA:5,_ZN46NotificationTests_RunRemindersPlaceholder_TestC2Ev
FNDA:5,_ZN46NotificationTests_RunRemindersPlaceholder_TestD0Ev
FNDA:5,_ZN46NotificationTests_RunRemindersPlaceholder_TestD2Ev
FNDA:0,_Z18initialize_test_dbRKSs
FNDA:10,_Z20getNotificationCountRKSs
FNDA:10,_ZZ20getNotificationCountRKSsENKUlPviPPcS3_E_clES1_iS3_S3_
FNDA:15,_ZN17NotificationTests5SetUpEv
FNDA:15,_ZN17NotificationTests8TearDownEv
FNDA:5,_ZN49NotificationTests_ConstructorAndInitialState_Test8TestBodyEv
FNDA:5,_ZN49NotificationTests_ConstructorAndInitialState_TestC2Ev
FNDA:5,_ZN49NotificationTests_ConstructorAndInitialState_TestD0Ev
FNDA:5,_ZN49NotificationTests_ConstructorAndInitialState_TestD2Ev
FNF:17
FNH:16
DA:17,0
DA:19,0
DA:21,0
DA:23,0
DA:24,0
DA:26,0
DA:27,0
DA:28,0
DA:30,0
DA:31,0
DA:33,0
DA:34,0
DA:36,0
DA:39,10
DA:41,10
DA:43,10
DA:44,10
DA:46,20
DA:48,0
DA:49,10
DA:50,10
DA:52,20
DA:53,0
DA:54,0
DA:55,0
DA:57,10
DA:62,10
DA:64,10
DA:71,15
DA:73,15
DA:76,120
DA:77,45
DA:79,15
DA:80,15
DA:81,15
DA:82,15
DA:83,15
DA:84,15
DA:86,15
DA:88,15
DA:89,15
DA:96,20
DA:97,5
DA:99,5
DA:100,5
DA:101,5
DA:103,20
DA:105,5
DA:106,5
DA:109,10
DA:110,5
DA:112,5
DA:115,5
DA:116,5
DA:117,5
DA:119,20
DA:120,5
DA:123,5
DA:124,0
DA:125,0
DA:126,0
DA:128,5
DA:129,5
LF:63
LH:43
end_of_record
TN:
SF:/mnt/c/Users/ECS/Documents/GitHub/clinic-appointment-queue-management/tests/test_patient.cpp
FN:16,19,_ZN21PatientScenariosTests5SetUpEv
FN:20,23,_ZN21PatientScenariosTests8TearDownEv
FN:28,28,_ZN55PatientScenariosTests_Scenario_BlockDuplicateEmail_Test8TestBodyEv
FN:28,28,_ZN55PatientScenariosTests_Scenario_BlockDuplicateEmail_TestC2Ev
FN:28,28,_ZN55PatientScenariosTests_Scenario_BlockDuplicateEmail_TestD0Ev
FN:28,28,_ZN55PatientScenariosTests_Scenario_BlockDuplicateEmail_TestD2Ev
FN:40,40,_ZN51PatientScenariosTests_Scenario_LoadPatientData_Test8TestBodyEv
FN:40,40,_ZN51PatientScenariosTests_Scenario_LoadPatientData_TestC2Ev
FN:40,40,_ZN51PatientScenariosTests_Scenario_LoadPatientData_TestD0Ev
FN:40,40,_ZN51PatientScenariosTests_Scenario_LoadPatientData_TestD2Ev
FN:50,50,_ZN54PatientScenariosTests_Scenario_UpdatePatientPhone_Test8TestBodyEv
FN:50,50,_ZN54PatientScenariosTests_Scenario_UpdatePatientPhone_TestC2Ev
FN:50,50,_ZN54PatientScenariosTests_Scenario_UpdatePatientPhone_TestD0Ev
FN:50,50,_ZN54PatientScenariosTests_Scenario_UpdatePatientPhone_TestD2Ev
FN:72,72,_ZN57PatientScenariosTests_Scenario_DatabaseErrorHandling_Test8TestBodyEv
FN:72,72,_ZN57PatientScenariosTests_Scenario_DatabaseErrorHandling_TestC2Ev
FN:72,72,_ZN57PatientScenariosTests_Scenario_DatabaseErrorHandling_TestD0Ev
FN:72,72,_ZN57PatientScenariosTests_Scenario_DatabaseErrorHandling_TestD2Ev
FN:83,83,_ZN57PatientScenariosTests_Scenario_PasswordHashIntegrity_Test8TestBodyEv
FN:83,83,_ZN57PatientScenariosTests_Scenario_PasswordHashIntegrity_TestC2Ev
FN:83,83,_ZN57PatientScenariosTests_Scenario_PasswordHashIntegrity_TestD0Ev
FN:83,83,_ZN57PatientScenariosTests_Scenario_PasswordHashIntegrity_TestD2Ev
FN:94,94,_ZN50PatientScenariosTests_Scenario_BlockEmptyData_Test8TestBodyEv
FN:94,94,_ZN50PatientScenariosTests_Scenario_BlockEmptyData_TestC2Ev
FN:94,94,_ZN50PatientScenariosTests_Scenario_BlockEmptyData_TestD0Ev
FN:94,94,_ZN50PatientScenariosTests_Scenario_BlockEmptyData_TestD2Ev
FNDA:30,_ZN21PatientScenariosTests5SetUpEv
FNDA:30,_ZN21PatientScenariosTests8TearDownEv
FNDA:5,_ZN55PatientScenariosTests_Scenario_BlockDuplicateEmail_Test8TestBodyEv
FNDA:5,_ZN55PatientScenariosTests_Scenario_BlockDuplicateEmail_TestC2Ev
FNDA:5,_ZN55PatientScenariosTests_Scenario_BlockDuplicateEmail_TestD0Ev
FNDA:5,_ZN55PatientScenariosTests_Scenario_BlockDuplicateEmail_TestD2Ev
FNDA:5,_ZN51PatientScenariosTests_Scenario_LoadPatientData_Test8TestBodyEv
FNDA:5,_ZN51PatientScenariosTests_Scenario_LoadPatientData_TestC2Ev
FNDA:5,_ZN51PatientScenariosTests_Scenario_LoadPatientData_TestD0Ev
FNDA:5,_ZN51PatientScenariosTests_Scenario_LoadPatientData_TestD2Ev
FNDA:5,_ZN54PatientScenariosTests_Scenario_UpdatePatientPhone_Test8TestBodyEv
FNDA:5,_ZN54PatientScenariosTests_Scenario_UpdatePatientPhone_TestC2Ev
FNDA:5,_ZN54PatientScenariosTests_Scenario_UpdatePatientPhone_TestD0Ev
FNDA:5,_ZN54PatientScenariosTests_Scenario_UpdatePatientPhone_TestD2Ev
FNDA:5,_ZN57PatientScenariosTests_Scenario_DatabaseErrorHandling_Test8TestBodyEv
FNDA:5,_ZN57PatientScenariosTests_Scenario_DatabaseErrorHandling_TestC2Ev
FNDA:5,_ZN57PatientScenariosTests_Scenario_DatabaseErrorHandling_TestD0Ev
FNDA:5,_ZN57PatientScenariosTests_Scenario_DatabaseErrorHandling_TestD2Ev
FNDA:5,_ZN57PatientScenariosTests_Scenario_PasswordHashIntegrity_Test8TestBodyEv
FNDA:5,_ZN57PatientScenariosTests_Scenario_PasswordHashIntegrity_TestC2Ev
FNDA:5,_ZN57PatientScenariosTests_Scenario_PasswordHashIntegrity_TestD0Ev
FNDA:5,_ZN57PatientScenariosTests_Scenario_PasswordHashIntegrity_TestD2Ev
FNDA:5,_ZN50PatientScenariosTests_Scenario_BlockEmptyData_Test8TestBodyEv
FNDA:5,_ZN50PatientScenariosTests_Scenario_BlockEmptyData_TestC2Ev
FNDA:5,_ZN50PatientScenariosTests_Scenario_BlockEmptyData_TestD0Ev
FNDA:5,_ZN50PatientScenariosTests_Scenario_BlockEmptyData_TestD2Ev
FNF:26
FNH:26
DA:16,30
DA:18,30
DA:19,30
DA:20,30
DA:22,30
DA:23,30
DA:28,20
DA:29,5
DA:31,35
DA:32,5
DA:35,5
DA:36,5
DA:40,20
DA:41,5
DA:42,5
DA:44,5
DA:45,5
DA:46,5
DA:47,5
DA:50,20
DA:51,5
DA:53,5
DA:54,5
DA:56,10
DA:57,5
DA:59,5
DA:60,5
DA:63,10
DA:64,5
DA:67,5
DA:68,5
DA:69,5
DA:72,20
DA:73,5
DA:74,5
DA:76,15
DA:79,5
DA:80,5
DA:83,20
DA:84,5
DA:85,5
DA:86,35
DA:89,5
DA:90,5
DA:91,5
DA:94,20
DA:95,5
DA:96,35
DA:97,5
DA:99,5
DA:100,5
LF:51
LH:51
end_of_record
TN:
SF:/mnt/c/Users/ECS/Documents/GitHub/clinic-appointment-queue-management/tests/test_payment.cpp
FN:102,102,_ZN45PaymentTests_SuccessfulPaymentAndSetPaid_Test8TestBodyEv
FN:102,102,_ZN45PaymentTests_SuccessfulPaymentAndSetPaid_TestC2Ev
FN:102,102,_ZN45PaymentTests_SuccessfulPaymentAndSetPaid_TestD0Ev
FN:102,102,_ZN45PaymentTests_SuccessfulPaymentAndSetPaid_TestD2Ev
FN:127,127,_ZN36PaymentTests_FailedPaymentLogic_Test8TestBodyEv
FN:127,127,_ZN36PaymentTests_FailedPaymentLogic_TestC2Ev
FN:127,127,_ZN36PaymentTests_FailedPaymentLogic_TestD0Ev
FN:127,127,_ZN36PaymentTests_FailedPaymentLogic_TestD2Ev
FN:15,29,_Z18initialize_test_dbRKSs
FN:32,38,_Z15simulatePaymentRKSs
FN:41,65,_Z17isAppointmentPaidiRKSs
FN:49,56,_ZZ17isAppointmentPaidiRKSsENKUlPviPPcS3_E_clES1_iS3_S3_
FN:73,89,_ZN12PaymentTests5SetUpEv
FN:91,94,_ZN12PaymentTests8TearDownEv
FNDA:5,_ZN45PaymentTests_SuccessfulPaymentAndSetPaid_Test8TestBodyEv
FNDA:5,_ZN45PaymentTests_SuccessfulPaymentAndSetPaid_TestC2Ev
FNDA:5,_ZN45PaymentTests_SuccessfulPaymentAndSetPaid_TestD0Ev
FNDA:5,_ZN45PaymentTests_SuccessfulPaymentAndSetPaid_TestD2Ev
FNDA:0,_ZN36PaymentTests_FailedPaymentLogic_Test8TestBodyEv
FNDA:5,_ZN36PaymentTests_FailedPaymentLogic_TestC2Ev
FNDA:5,_ZN36PaymentTests_FailedPaymentLogic_TestD0Ev
FNDA:5,_ZN36PaymentTests_FailedPaymentLogic_TestD2Ev
FNDA:0,_Z18initialize_test_dbRKSs
FNDA:5,_Z15simulatePaymentRKSs
FNDA:10,_Z17isAppointmentPaidiRKSs
FNDA:10,_ZZ17isAppointmentPaidiRKSsENKUlPviPPcS3_E_clES1_iS3_S3_
FNDA:10,_ZN12PaymentTests5SetUpEv
FNDA:10,_ZN12PaymentTests8TearDownEv
FNF:14
FNH:12
DA:15,0
DA:16,0
DA:17,0
DA:18,0
DA:20,0
DA:21,0
DA:22,0
DA:24,0
DA:25,0
DA:26,0
DA:27,0
DA:29,0
DA:32,5
DA:33,5
DA:34,5
DA:35,5
DA:36,5
DA:37,5
DA:41,10
DA:42,10
DA:45,10
DA:46,10
DA:48,10
DA:49,0
DA:50,10
DA:52,20
DA:53,0
DA:55,10
DA:59,10
DA:61,10
DA:62,0
DA:63,0
DA:64,0
DA:73,10
DA:74,10
DA:77,80
DA:78,30
DA:81,10
DA:82,10
DA:83,10
DA:84,10
DA:85,10
DA:87,10
DA:88,5
DA:89,10
DA:91,10
DA:94,10
DA:102,20
DA:104,5
DA:105,5
DA:112,5
DA:114,10
DA:115,5
DA:118,5
DA:121,5
DA:122,5
DA:127,15
DA:129,0
DA:130,0
DA:133,0
DA:134,0
LF:61
LH:40
end_of_record
TN:
SF:/mnt/c/Users/ECS/Documents/GitHub/clinic-appointment-queue-management/tests/test_queue.cpp
FN:14,33,_Z18initialize_test_dbRKSs
FN:41,43,_ZN10QueueTests5SetUpEv
FN:45,47,_ZN10QueueTests8TearDownEv
FN:50,57,_ZN10QueueTests18getPatientPositionEiRKSt6vectorISt4pairIiiESaIS2_EE
FN:64,64,_ZN27QueueTests_AddAndOrder_Test8TestBodyEv
FN:64,64,_ZN27QueueTests_AddAndOrder_TestC2Ev
FN:64,64,_ZN27QueueTests_AddAndOrder_TestD0Ev
FN:64,64,_ZN27QueueTests_AddAndOrder_TestD2Ev
FN:78,78,_ZN23QueueTests_Reorder_Test8TestBodyEv
FN:78,78,_ZN23QueueTests_Reorder_TestC2Ev
FN:78,78,_ZN23QueueTests_Reorder_TestD0Ev
FN:78,78,_ZN23QueueTests_Reorder_TestD2Ev
FN:94,94,_ZN25QueueTests_RefreshDB_Test8TestBodyEv
FN:94,94,_ZN25QueueTests_RefreshDB_TestC2Ev
FN:94,94,_ZN25QueueTests_RefreshDB_TestD0Ev
FN:94,94,_ZN25QueueTests_RefreshDB_TestD2Ev
FNDA:0,_Z18initialize_test_dbRKSs
FNDA:15,_ZN10QueueTests5SetUpEv
FNDA:15,_ZN10QueueTests8TearDownEv
FNDA:30,_ZN10QueueTests18getPatientPositionEiRKSt6vectorISt4pairIiiESaIS2_EE
FNDA:5,_ZN27QueueTests_AddAndOrder_Test8TestBodyEv
FNDA:5,_ZN27QueueTests_AddAndOrder_TestC2Ev
FNDA:5,_ZN27QueueTests_AddAndOrder_TestD0Ev
FNDA:5,_ZN27QueueTests_AddAndOrder_TestD2Ev
FNDA:5,_ZN23QueueTests_Reorder_Test8TestBodyEv
FNDA:5,_ZN23QueueTests_Reorder_TestC2Ev
FNDA:5,_ZN23QueueTests_Reorder_TestD0Ev
FNDA:5,_ZN23QueueTests_Reorder_TestD2Ev
FNDA:5,_ZN25QueueTests_RefreshDB_Test8TestBodyEv
FNDA:5,_ZN25QueueTests_RefreshDB_TestC2Ev
FNDA:5,_ZN25QueueTests_RefreshDB_TestD0Ev
FNDA:5,_ZN25QueueTests_RefreshDB_TestD2Ev
FNF:16
FNH:15
DA:14,0
DA:15,0
DA:17,0
DA:19,0
DA:20,0
DA:22,0
DA:23,0
DA:24,0
DA:26,0
DA:27,0
DA:29,0
DA:30,0
DA:31,0
DA:33,0
DA:41,15
DA:42,15
DA:43,15
DA:45,15
DA:46,15
DA:47,15
DA:50,30
DA:51,60
DA:52,60
DA:53,30
DA:56,0
DA:64,20
DA:65,5
DA:66,5
DA:67,5
DA:69,5
DA:71,5
DA:73,5
DA:74,5
DA:75,5
DA:76,5
DA:78,20
DA:79,5
DA:80,5
DA:81,5
DA:84,5
DA:86,5
DA:89,5
DA:90,5
DA:91,5
DA:92,5
DA:94,20
DA:95,5
DA:96,5
DA:98,5
DA:100,5
DA:101,0
DA:102,0
DA:103,0
DA:105,5
DA:106,5
LF:55
LH:37
end_of_record
TN:
SF:/mnt/c/Users/ECS/Documents/GitHub/clinic-appointment-queue-management/tests/test_register.cpp
FN:14,36,_Z18initialize_test_dbRKSs
FN:43,46,_ZN13RegisterTests5SetUpEv
FN:48,51,_ZN13RegisterTests8TearDownEv
FN:59,59,_ZN34RegisterTests_RegisterSuccess_Test8TestBodyEv
FN:59,59,_ZN34RegisterTests_RegisterSuccess_TestC2Ev
FN:59,59,_ZN34RegisterTests_RegisterSuccess_TestD0Ev
FN:59,59,_ZN34RegisterTests_RegisterSuccess_TestD2Ev
FN:78,78,_ZN41RegisterTests_RegisterDuplicateEmail_Test8TestBodyEv
FN:78,78,_ZN41RegisterTests_RegisterDuplicateEmail_TestC2Ev
FN:78,78,_ZN41RegisterTests_RegisterDuplicateEmail_TestD0Ev
FN:78,78,_ZN41RegisterTests_RegisterDuplicateEmail_TestD2Ev
FN:97,97,_ZN41RegisterTests_RegisterIncompleteData_Test8TestBodyEv
FN:97,97,_ZN41RegisterTests_RegisterIncompleteData_TestC2Ev
FN:97,97,_ZN41RegisterTests_RegisterIncompleteData_TestD0Ev
FN:97,97,_ZN41RegisterTests_RegisterIncompleteData_TestD2Ev
FNDA:0,_Z18initialize_test_dbRKSs
FNDA:15,_ZN13RegisterTests5SetUpEv
FNDA:15,_ZN13RegisterTests8TearDownEv
FNDA:5,_ZN34RegisterTests_RegisterSuccess_Test8TestBodyEv
FNDA:5,_ZN34RegisterTests_RegisterSuccess_TestC2Ev
FNDA:5,_ZN34RegisterTests_RegisterSuccess_TestD0Ev
FNDA:5,_ZN34RegisterTests_RegisterSuccess_TestD2Ev
FNDA:5,_ZN41RegisterTests_RegisterDuplicateEmail_Test8TestBodyEv
FNDA:5,_ZN41RegisterTests_RegisterDuplicateEmail_TestC2Ev
FNDA:5,_ZN41RegisterTests_RegisterDuplicateEmail_TestD0Ev
FNDA:5,_ZN41RegisterTests_RegisterDuplicateEmail_TestD2Ev
FNDA:5,_ZN41RegisterTests_RegisterIncompleteData_Test8TestBodyEv
FNDA:5,_ZN41RegisterTests_RegisterIncompleteData_TestC2Ev
FNDA:5,_ZN41RegisterTests_RegisterIncompleteData_TestD0Ev
FNDA:5,_ZN41RegisterTests_RegisterIncompleteData_TestD2Ev
FNF:15
FNH:14
DA:14,0
DA:16,0
DA:19,0
DA:20,0
DA:22,0
DA:23,0
DA:24,0
DA:28,0
DA:31,0
DA:32,0
DA:34,0
DA:36,0
DA:43,15
DA:45,15
DA:46,15
DA:48,15
DA:51,15
DA:59,20
DA:61,10
DA:62,10
DA:63,10
DA:64,5
DA:66,5
DA:69,5
DA:72,5
DA:73,5
DA:74,5
DA:78,20
DA:79,10
DA:82,25
DA:83,5
DA:84,5
DA:87,30
DA:88,5
DA:91,5
DA:92,5
DA:93,5
DA:97,20
DA:99,35
DA:102,5
DA:104,5
DA:105,5
DA:106,5
LF:43
LH:31
end_of_record
TN:
SF:/mnt/c/Users/ECS/Documents/GitHub/clinic-appointment-queue-management/utils/password_utils.cpp
FN:15,17,_ZN13PasswordUtils12hashPasswordERKSs
FN:19,21,_ZN13PasswordUtils14verifyPasswordERKSsS1_
FN:6,11,_ZL10simpleHashRKSs
FNDA:85,_ZN13PasswordUtils12hashPasswordERKSs
FNDA:5,_ZN13PasswordUtils14verifyPasswordERKSsS1_
FNDA:90,_ZL10simpleHashRKSs
FNF:3
FNH:3
DA:6,90
DA:7,90
DA:8,710
DA:9,620
DA:10,90
DA:15,85
DA:16,85
DA:19,5
DA:20,5
LF:9
LH:9
end_of_record
TN:
SF:/mnt/c/Users/ECS/Documents/GitHub/clinic-appointment-queue-management/utils/time_utils.cpp
FN:15,18,_ZN9TimeUtils15isValidDateTimeERKSs
FN:20,22,_ZN9TimeUtils15nowEpochSecondsEv
FN:7,13,_ZN9TimeUtils18getCurrentDateTimeEv
FNDA:0,_ZN9TimeUtils15isValidDateTimeERKSs
FNDA:45,_ZN9TimeUtils15nowEpochSecondsEv
FNDA:0,_ZN9TimeUtils18getCurrentDateTimeEv
FNF:3
FNH:1
DA:7,0
DA:8,0
DA:9,0
DA:11,0
DA:12,0
DA:15,0
DA:16,0
DA:17,0
DA:20,45
DA:21,45
LF:10
LH:2
end_of_record
